<?xml version="1.0" encoding="utf-8"?>
<CoverageSession xmlns:xsd="http://www.w3.org/2001/XMLSchema" xmlns:xsi="http://www.w3.org/2001/XMLSchema-instance" Version="4.7.1138.0">
  <Summary numSequencePoints="1508" visitedSequencePoints="0" numBranchPoints="1075" visitedBranchPoints="0" sequenceCoverage="0" branchCoverage="0" maxCyclomaticComplexity="22" minCyclomaticComplexity="1" maxCrapScore="506" minCrapScore="2" visitedClasses="0" numClasses="56" visitedMethods="0" numMethods="417" />
  <Modules>
    <Module skippedDueTo="Filter" hash="AD-08-E5-D1-D2-8B-4B-FF-4F-F0-73-69-12-83-C1-73-30-56-08-3D">
      <ModulePath>C:\Windows\Microsoft.Net\assembly\GAC_32\mscorlib\v4.0_4.0.0.0__b77a5c561934e089\mscorlib.dll</ModulePath>
      <ModuleTime>2020-08-05T03:39:34Z</ModuleTime>
      <ModuleName>mscorlib</ModuleName>
      <Classes />
    </Module>
    <Module skippedDueTo="MissingPdb" hash="76-DC-A1-D3-FE-5A-F0-9D-29-FB-48-A8-D7-74-2F-56-0E-12-CE-41">
      <ModulePath>C:\Program Files (x86)\Microsoft Visual Studio\2017\Professional\Common7\IDE\CommonExtensions\Microsoft\TestWindow\vstest.console.exe</ModulePath>
      <ModuleTime>2021-04-12T05:12:00.4097026Z</ModuleTime>
      <ModuleName>vstest.console</ModuleName>
      <Classes />
    </Module>
    <Module skippedDueTo="MissingPdb" hash="E0-C6-21-AD-72-08-4C-63-C5-1E-96-12-52-C2-12-7E-2D-DB-C0-9D">
      <ModulePath>C:\Program Files (x86)\Microsoft Visual Studio\2017\Professional\Common7\IDE\CommonExtensions\Microsoft\TestWindow\Microsoft.VisualStudio.TestPlatform.Common.dll</ModulePath>
      <ModuleTime>2021-04-12T05:12:00.4097026Z</ModuleTime>
      <ModuleName>Microsoft.VisualStudio.TestPlatform.Common</ModuleName>
      <Classes />
    </Module>
    <Module skippedDueTo="MissingPdb" hash="E2-A0-50-2F-CB-BC-76-E7-5A-FB-F0-00-B3-15-0D-10-F1-7C-1C-9C">
      <ModulePath>C:\Program Files (x86)\Microsoft Visual Studio\2017\Professional\Common7\IDE\CommonExtensions\Microsoft\TestWindow\Microsoft.VisualStudio.TestPlatform.ObjectModel.dll</ModulePath>
      <ModuleTime>2021-04-12T05:12:00.4097026Z</ModuleTime>
      <ModuleName>Microsoft.VisualStudio.TestPlatform.ObjectModel</ModuleName>
      <Classes />
    </Module>
    <Module skippedDueTo="Filter" hash="16-77-DE-D6-0A-A0-30-C8-87-DD-6B-9A-57-71-F2-E5-9C-0F-90-2F">
      <ModulePath>C:\Windows\Microsoft.Net\assembly\GAC_MSIL\System.ComponentModel.Composition\v4.0_4.0.0.0__b77a5c561934e089\System.ComponentModel.Composition.dll</ModulePath>
      <ModuleTime>2018-09-15T07:29:50.357209Z</ModuleTime>
      <ModuleName>System.ComponentModel.Composition</ModuleName>
      <Classes />
    </Module>
    <Module skippedDueTo="Filter" hash="56-61-00-B8-7D-4D-1B-81-C3-7C-85-02-64-DD-44-EF-34-6F-EF-49">
      <ModulePath>C:\Windows\Microsoft.Net\assembly\GAC_MSIL\System.Core\v4.0_4.0.0.0__b77a5c561934e089\System.Core.dll</ModulePath>
      <ModuleTime>2020-07-08T05:18:18Z</ModuleTime>
      <ModuleName>System.Core</ModuleName>
      <Classes />
    </Module>
    <Module skippedDueTo="MissingPdb" hash="CC-17-40-13-03-79-89-4D-10-C8-46-F5-34-76-A8-2B-1E-1C-C7-46">
      <ModulePath>C:\Program Files (x86)\Microsoft Visual Studio\2017\Professional\Common7\IDE\CommonExtensions\Microsoft\TestWindow\Microsoft.VisualStudio.TestPlatform.Utilities.dll</ModulePath>
      <ModuleTime>2021-04-12T05:12:00.4097026Z</ModuleTime>
      <ModuleName>Microsoft.VisualStudio.TestPlatform.Utilities</ModuleName>
      <Classes />
    </Module>
    <Module skippedDueTo="Filter" hash="B0-C4-0A-6B-41-6E-E3-11-58-F2-F1-66-67-82-5F-7B-D9-C0-E1-CE">
      <ModulePath>C:\Windows\Microsoft.Net\assembly\GAC_MSIL\System\v4.0_4.0.0.0__b77a5c561934e089\System.dll</ModulePath>
      <ModuleTime>2020-06-10T03:03:40Z</ModuleTime>
      <ModuleName>System</ModuleName>
      <Classes />
    </Module>
    <Module skippedDueTo="Filter" hash="E4-46-25-D5-F6-B0-A8-6F-30-B8-BD-50-13-A9-F9-30-B7-7A-1B-38">
      <ModulePath>C:\Windows\Microsoft.Net\assembly\GAC_MSIL\System.Configuration\v4.0_4.0.0.0__b03f5f7f11d50a3a\System.Configuration.dll</ModulePath>
      <ModuleTime>2020-06-05T04:50:36Z</ModuleTime>
      <ModuleName>System.Configuration</ModuleName>
      <Classes />
    </Module>
    <Module skippedDueTo="Filter" hash="85-2C-0C-0A-04-8A-78-D5-6F-4B-42-A6-C8-C4-51-D2-38-81-DF-A9">
      <ModulePath>C:\Windows\Microsoft.Net\assembly\GAC_MSIL\System.Xml\v4.0_4.0.0.0__b77a5c561934e089\System.Xml.dll</ModulePath>
      <ModuleTime>2018-09-15T07:29:49.15399Z</ModuleTime>
      <ModuleName>System.Xml</ModuleName>
      <Classes />
    </Module>
    <Module skippedDueTo="MissingPdb" hash="CD-35-9D-AB-E9-9C-1B-D4-AB-C8-FD-C2-FE-03-A2-19-54-42-8C-BB">
      <ModulePath>C:\Program Files (x86)\Microsoft Visual Studio\2017\Professional\Common7\IDE\CommonExtensions\Microsoft\TestWindow\Microsoft.VisualStudio.TestPlatform.Client.dll</ModulePath>
      <ModuleTime>2021-04-12T05:12:00.4097026Z</ModuleTime>
      <ModuleName>Microsoft.VisualStudio.TestPlatform.Client</ModuleName>
      <Classes />
    </Module>
    <Module skippedDueTo="Filter" hash="42-D0-7D-ED-9F-5B-8B-43-F6-32-39-EB-D1-2D-92-23-DB-9B-F7-FC">
      <ModulePath>C:\Windows\Microsoft.Net\assembly\GAC_MSIL\System.ServiceModel\v4.0_4.0.0.0__b77a5c561934e089\System.ServiceModel.dll</ModulePath>
      <ModuleTime>2020-03-26T23:05:00Z</ModuleTime>
      <ModuleName>System.ServiceModel</ModuleName>
      <Classes />
    </Module>
    <Module skippedDueTo="MissingPdb" hash="0C-F2-85-B5-DF-90-CE-C0-B3-BC-83-6F-8F-7E-81-BB-C2-5F-40-8F">
      <ModulePath>C:\Program Files (x86)\Microsoft Visual Studio\2017\Professional\Common7\IDE\CommonExtensions\Microsoft\TestWindow\Microsoft.VisualStudio.QualityTools.ExecutionCommon.dll</ModulePath>
      <ModuleTime>2021-04-12T05:12:00.4097026Z</ModuleTime>
      <ModuleName>Microsoft.VisualStudio.QualityTools.ExecutionCommon</ModuleName>
      <Classes />
    </Module>
    <Module skippedDueTo="MissingPdb" hash="FA-BD-0B-0B-D4-8D-FE-FE-01-CD-D7-5F-3C-1C-42-09-1C-A8-0E-5E">
      <ModulePath>C:\Program Files (x86)\Microsoft Visual Studio\2017\Professional\Common7\IDE\CommonExtensions\Microsoft\TestWindow\Microsoft.VisualStudio.QualityTools.Common.dll</ModulePath>
      <ModuleTime>2021-04-12T05:12:00.4097026Z</ModuleTime>
      <ModuleName>Microsoft.VisualStudio.QualityTools.Common</ModuleName>
      <Classes />
    </Module>
    <Module skippedDueTo="Filter" hash="48-2A-62-54-34-F2-FF-00-B7-02-FA-FD-25-1B-CC-6B-D1-3D-FE-D4">
      <ModulePath>C:\Windows\Microsoft.Net\assembly\GAC_MSIL\System.Runtime.Serialization\v4.0_4.0.0.0__b77a5c561934e089\System.Runtime.Serialization.dll</ModulePath>
      <ModuleTime>2020-03-26T23:05:00Z</ModuleTime>
      <ModuleName>System.Runtime.Serialization</ModuleName>
      <Classes />
    </Module>
    <Module skippedDueTo="MissingPdb" hash="8F-7D-4B-79-B2-87-08-B6-2C-5E-D1-5C-D4-29-8C-26-E8-4E-F1-42">
      <ModulePath>C:\Program Files (x86)\Microsoft Visual Studio\2017\Professional\Common7\IDE\CommonExtensions\Microsoft\TestWindow\Microsoft.VisualStudio.TestPlatform.Core.dll</ModulePath>
      <ModuleTime>2021-04-12T05:12:00.4097026Z</ModuleTime>
      <ModuleName>Microsoft.VisualStudio.TestPlatform.Core</ModuleName>
      <Classes />
    </Module>
    <Module skippedDueTo="Filter" hash="FC-70-44-96-F7-B3-7E-8C-B8-B1-3F-38-40-ED-C9-85-39-2B-6A-8A">
      <ModulePath>C:\Windows\Microsoft.Net\assembly\GAC_32\System.Transactions\v4.0_4.0.0.0__b77a5c561934e089\System.Transactions.dll</ModulePath>
      <ModuleTime>2019-03-12T06:29:25.8824445Z</ModuleTime>
      <ModuleName>System.Transactions</ModuleName>
      <Classes />
    </Module>
    <Module skippedDueTo="MissingPdb" hash="">
      <ModulePath>RefEmit_InMemoryManifestModule</ModulePath>
      <ModuleTime>0001-01-01T00:00:00</ModuleTime>
      <ModuleName>MetadataViewProxies_d9886b98-8d48-4d69-94cf-97c99eab4f93</ModuleName>
      <Classes />
    </Module>
    <Module skippedDueTo="MissingPdb" hash="D7-51-82-07-9A-07-D9-1E-67-C9-2A-77-C3-1C-DA-D9-3C-93-93-FF">
      <ModulePath>C:\Program Files (x86)\Microsoft Visual Studio\2017\Professional\Common7\IDE\Extensions\TestPlatform\vstest.console.exe</ModulePath>
      <ModuleTime>2021-04-12T05:12:00.4097026Z</ModuleTime>
      <ModuleName>vstest.console</ModuleName>
      <Classes />
    </Module>
    <Module skippedDueTo="MissingPdb" hash="A3-90-07-AC-12-DE-02-9B-A0-6C-7B-AC-AD-90-A8-56-43-46-3D-73">
      <ModulePath>C:\Program Files (x86)\Microsoft Visual Studio\2017\Professional\Common7\IDE\Extensions\TestPlatform\Microsoft.TestPlatform.CoreUtilities.dll</ModulePath>
      <ModuleTime>2021-04-12T05:12:00.4097026Z</ModuleTime>
      <ModuleName>Microsoft.TestPlatform.CoreUtilities</ModuleName>
      <Classes />
    </Module>
    <Module skippedDueTo="Filter" hash="B0-C4-0A-6B-41-6E-E3-11-58-F2-F1-66-67-82-5F-7B-D9-C0-E1-CE">
      <ModulePath>C:\Windows\Microsoft.Net\assembly\GAC_MSIL\System\v4.0_4.0.0.0__b77a5c561934e089\System.dll</ModulePath>
      <ModuleTime>2020-06-10T03:03:40Z</ModuleTime>
      <ModuleName>System</ModuleName>
      <Classes />
    </Module>
    <Module skippedDueTo="MissingPdb" hash="AF-54-9A-E2-4A-80-73-C8-D8-94-66-14-8F-99-BE-90-8C-43-09-B2">
      <ModulePath>C:\Program Files (x86)\Microsoft Visual Studio\2017\Professional\Common7\IDE\Extensions\TestPlatform\Microsoft.VisualStudio.TestPlatform.ObjectModel.dll</ModulePath>
      <ModuleTime>2021-04-12T05:12:00.4097026Z</ModuleTime>
      <ModuleName>Microsoft.VisualStudio.TestPlatform.ObjectModel</ModuleName>
      <Classes />
    </Module>
    <Module skippedDueTo="MissingPdb" hash="00-E1-98-E7-8E-E6-2C-0F-BB-5F-38-49-E2-AB-F1-7D-C6-25-3A-C3">
      <ModulePath>C:\Program Files (x86)\Microsoft Visual Studio\2017\Professional\Common7\IDE\Extensions\TestPlatform\Microsoft.VisualStudio.TestPlatform.Client.dll</ModulePath>
      <ModuleTime>2021-04-12T05:12:00.4097026Z</ModuleTime>
      <ModuleName>Microsoft.VisualStudio.TestPlatform.Client</ModuleName>
      <Classes />
    </Module>
    <Module skippedDueTo="MissingPdb" hash="1E-8F-81-63-96-77-27-6B-1B-66-D2-7A-BA-54-FE-78-EF-30-3A-B7">
      <ModulePath>C:\Program Files (x86)\Microsoft Visual Studio\2017\Professional\Common7\IDE\Extensions\TestPlatform\Microsoft.VisualStudio.TestPlatform.Common.dll</ModulePath>
      <ModuleTime>2021-04-12T05:12:00.4097026Z</ModuleTime>
      <ModuleName>Microsoft.VisualStudio.TestPlatform.Common</ModuleName>
      <Classes />
    </Module>
    <Module skippedDueTo="Filter" hash="56-61-00-B8-7D-4D-1B-81-C3-7C-85-02-64-DD-44-EF-34-6F-EF-49">
      <ModulePath>C:\Windows\Microsoft.Net\assembly\GAC_MSIL\System.Core\v4.0_4.0.0.0__b77a5c561934e089\System.Core.dll</ModulePath>
      <ModuleTime>2020-07-08T05:18:18Z</ModuleTime>
      <ModuleName>System.Core</ModuleName>
      <Classes />
    </Module>
    <Module skippedDueTo="MissingPdb" hash="CE-A4-16-89-7A-C5-87-8F-B1-22-C4-94-C9-41-B8-86-35-4A-47-B6">
      <ModulePath>C:\Program Files (x86)\Microsoft Visual Studio\2017\Professional\Common7\IDE\Extensions\TestPlatform\Microsoft.TestPlatform.PlatformAbstractions.dll</ModulePath>
      <ModuleTime>2021-04-12T05:12:00.4097026Z</ModuleTime>
      <ModuleName>Microsoft.TestPlatform.PlatformAbstractions</ModuleName>
      <Classes />
    </Module>
    <Module skippedDueTo="Filter" hash="85-2C-0C-0A-04-8A-78-D5-6F-4B-42-A6-C8-C4-51-D2-38-81-DF-A9">
      <ModulePath>C:\Windows\Microsoft.Net\assembly\GAC_MSIL\System.Xml\v4.0_4.0.0.0__b77a5c561934e089\System.Xml.dll</ModulePath>
      <ModuleTime>2018-09-15T07:29:49.15399Z</ModuleTime>
      <ModuleName>System.Xml</ModuleName>
      <Classes />
    </Module>
    <Module skippedDueTo="MissingPdb" hash="7B-1C-F0-82-36-00-14-41-95-AF-EF-76-E8-02-BF-A8-26-4D-12-DF">
      <ModulePath>C:\Program Files (x86)\Microsoft Visual Studio\2017\Professional\Common7\IDE\Extensions\TestPlatform\Microsoft.TestPlatform.Utilities.dll</ModulePath>
      <ModuleTime>2021-04-12T05:12:00.4097026Z</ModuleTime>
      <ModuleName>Microsoft.TestPlatform.Utilities</ModuleName>
      <Classes />
    </Module>
    <Module skippedDueTo="Filter" hash="E4-46-25-D5-F6-B0-A8-6F-30-B8-BD-50-13-A9-F9-30-B7-7A-1B-38">
      <ModulePath>C:\Windows\Microsoft.Net\assembly\GAC_MSIL\System.Configuration\v4.0_4.0.0.0__b03f5f7f11d50a3a\System.Configuration.dll</ModulePath>
      <ModuleTime>2020-06-05T04:50:36Z</ModuleTime>
      <ModuleName>System.Configuration</ModuleName>
      <Classes />
    </Module>
    <Module skippedDueTo="MissingPdb" hash="87-C9-B3-E5-03-91-DB-14-52-C9-89-A5-66-37-2B-AD-1F-3A-3A-41">
      <ModulePath>C:\Program Files (x86)\Microsoft Visual Studio\2017\Professional\Common7\IDE\Extensions\TestPlatform\Microsoft.TestPlatform.CrossPlatEngine.dll</ModulePath>
      <ModuleTime>2021-04-12T05:12:00.4097026Z</ModuleTime>
      <ModuleName>Microsoft.TestPlatform.CrossPlatEngine</ModuleName>
      <Classes />
    </Module>
    <Module skippedDueTo="MissingPdb" hash="9B-CA-2F-91-DE-0A-B9-1C-24-F3-04-BD-B8-0E-A9-6C-36-CF-02-F6">
      <ModulePath>C:\Program Files (x86)\Microsoft Visual Studio\2017\Professional\Common7\IDE\Extensions\TestPlatform\Extensions\Microsoft.TestPlatform.Extensions.BlameDataCollector.dll</ModulePath>
      <ModuleTime>2021-04-12T05:12:00.4097026Z</ModuleTime>
      <ModuleName>Microsoft.TestPlatform.Extensions.BlameDataCollector</ModuleName>
      <Classes />
    </Module>
    <Module skippedDueTo="MissingPdb" hash="39-21-B7-6E-A8-48-8E-1A-49-9B-59-B1-CE-98-46-18-AD-A8-D7-E0">
      <ModulePath>C:\Program Files (x86)\Microsoft Visual Studio\2017\Professional\Common7\IDE\Extensions\TestPlatform\Extensions\Microsoft.TestPlatform.Extensions.EventLogCollector.dll</ModulePath>
      <ModuleTime>2021-04-12T05:12:00.4097026Z</ModuleTime>
      <ModuleName>Microsoft.TestPlatform.Extensions.EventLogCollector</ModuleName>
      <Classes />
    </Module>
    <Module skippedDueTo="MissingPdb" hash="C1-3D-A0-B1-60-FB-7F-46-A5-B8-4A-07-70-38-F9-EE-21-F8-AB-E4">
      <ModulePath>C:\Program Files (x86)\Microsoft Visual Studio\2017\Professional\Common7\IDE\Extensions\TestPlatform\Extensions\Microsoft.TestPlatform.TestHostRuntimeProvider.dll</ModulePath>
      <ModuleTime>2021-04-12T05:12:00.4097026Z</ModuleTime>
      <ModuleName>Microsoft.TestPlatform.TestHostRuntimeProvider</ModuleName>
      <Classes />
    </Module>
    <Module skippedDueTo="MissingPdb" hash="40-4C-96-0F-70-7C-47-B2-D6-D6-5C-98-26-3F-FA-D9-C2-FB-58-3D">
      <ModulePath>C:\Program Files (x86)\Microsoft Visual Studio\2017\Professional\Common7\IDE\Extensions\TestPlatform\Microsoft.VisualStudio.Coverage.Interop.dll</ModulePath>
      <ModuleTime>2021-04-12T05:12:00.4097026Z</ModuleTime>
      <ModuleName>Microsoft.VisualStudio.Coverage.Interop</ModuleName>
      <Classes />
    </Module>
    <Module skippedDueTo="MissingPdb" hash="31-BA-6E-B7-80-B7-1C-E8-B7-AD-6C-A4-9C-E7-A4-94-82-B6-3C-75">
      <ModulePath>C:\Program Files (x86)\Microsoft Visual Studio\2017\Professional\Common7\IDE\Extensions\TestPlatform\Extensions\Microsoft.VisualStudio.TestPlatform.Extensions.CodedWebTestAdapter.dll</ModulePath>
      <ModuleTime>2021-04-12T05:12:00.4097026Z</ModuleTime>
      <ModuleName>Microsoft.VisualStudio.TestPlatform.Extensions.CodedWebTestAdapter</ModuleName>
      <Classes />
    </Module>
    <Module skippedDueTo="MissingPdb" hash="ED-E7-48-2F-ED-0F-65-5F-31-AA-93-74-F2-5B-BB-44-E6-35-14-1B">
      <ModulePath>C:\Program Files (x86)\Microsoft Visual Studio\2017\Professional\Common7\IDE\Extensions\TestPlatform\Extensions\Microsoft.VisualStudio.TestPlatform.Extensions.TmiAdapter.dll</ModulePath>
      <ModuleTime>2021-04-12T05:12:00.4097026Z</ModuleTime>
      <ModuleName>Microsoft.VisualStudio.TestPlatform.Extensions.TmiAdapter</ModuleName>
      <Classes />
    </Module>
    <Module skippedDueTo="MissingPdb" hash="EE-98-1F-AE-FC-CC-0E-6D-71-15-3C-D2-8F-8A-9C-5F-05-2F-8C-14">
      <ModulePath>C:\Program Files (x86)\Microsoft Visual Studio\2017\Professional\Common7\IDE\Extensions\TestPlatform\Microsoft.VisualStudio.QualityTools.Common.dll</ModulePath>
      <ModuleTime>2021-04-12T05:12:00.4097026Z</ModuleTime>
      <ModuleName>Microsoft.VisualStudio.QualityTools.Common</ModuleName>
      <Classes />
    </Module>
    <Module skippedDueTo="MissingPdb" hash="4B-EB-6F-2E-A3-2F-04-02-C1-58-A2-36-49-9E-21-FA-94-89-9B-1C">
      <ModulePath>C:\Program Files (x86)\Microsoft Visual Studio\2017\Professional\Common7\IDE\Extensions\TestPlatform\Extensions\Microsoft.VisualStudio.TestPlatform.Extensions.GenericTestAdapter.dll</ModulePath>
      <ModuleTime>2021-04-12T05:12:00.4097026Z</ModuleTime>
      <ModuleName>Microsoft.VisualStudio.TestPlatform.Extensions.GenericTestAdapter</ModuleName>
      <Classes />
    </Module>
    <Module skippedDueTo="MissingPdb" hash="A9-E3-A6-03-AC-D5-36-FC-FC-8C-12-0C-C2-BD-63-F4-61-83-EA-E6">
      <ModulePath>C:\Program Files (x86)\Microsoft Visual Studio\2017\Professional\Common7\IDE\Extensions\TestPlatform\Extensions\Microsoft.VisualStudio.TestPlatform.Extensions.OrderedTestAdapter.dll</ModulePath>
      <ModuleTime>2021-04-12T05:12:00.4097026Z</ModuleTime>
      <ModuleName>Microsoft.VisualStudio.TestPlatform.Extensions.OrderedTestAdapter</ModuleName>
      <Classes />
    </Module>
    <Module skippedDueTo="MissingPdb" hash="B2-C1-15-98-2C-03-41-6E-54-02-BD-24-9D-29-AA-D9-5E-BA-4C-1C">
      <ModulePath>C:\Program Files (x86)\Microsoft Visual Studio\2017\Professional\Common7\IDE\Extensions\TestPlatform\Extensions\Microsoft.VisualStudio.TestPlatform.Extensions.Trx.TestLogger.dll</ModulePath>
      <ModuleTime>2021-04-12T05:12:00.4097026Z</ModuleTime>
      <ModuleName>Microsoft.VisualStudio.TestPlatform.Extensions.Trx.TestLogger</ModuleName>
      <Classes />
    </Module>
    <Module skippedDueTo="MissingPdb" hash="69-AF-C7-4C-7A-4B-C9-1F-FA-FE-21-BC-3B-9A-A0-78-60-1C-56-6A">
      <ModulePath>C:\Program Files (x86)\Microsoft Visual Studio\2017\Professional\Common7\IDE\Extensions\TestPlatform\Extensions\Microsoft.VisualStudio.TestPlatform.Extensions.VSTestIntegration.dll</ModulePath>
      <ModuleTime>2021-04-12T05:12:00.4097026Z</ModuleTime>
      <ModuleName>Microsoft.VisualStudio.TestPlatform.Extensions.VSTestIntegration</ModuleName>
      <Classes />
    </Module>
    <Module skippedDueTo="MissingPdb" hash="9C-BD-10-0D-B6-DF-EE-2B-EB-27-DA-26-68-CD-C4-4A-48-7F-7B-09">
      <ModulePath>C:\Windows\assembly\GAC_MSIL\Microsoft.VisualStudio.QualityTools.UnitTestFramework\10.0.0.0__b03f5f7f11d50a3a\Microsoft.VisualStudio.QualityTools.UnitTestFramework.dll</ModulePath>
      <ModuleTime>2019-09-30T13:23:02.7913587Z</ModuleTime>
      <ModuleName>Microsoft.VisualStudio.QualityTools.UnitTestFramework</ModuleName>
      <Classes />
    </Module>
    <Module skippedDueTo="Filter" hash="4E-AC-68-5B-37-8A-07-F5-93-42-DB-5C-95-C0-6C-73-CC-95-66-A4">
      <ModulePath>C:\Windows\Microsoft.Net\assembly\GAC_32\System.Data\v4.0_4.0.0.0__b77a5c561934e089\System.Data.dll</ModulePath>
      <ModuleTime>2020-09-04T22:38:16Z</ModuleTime>
      <ModuleName>System.Data</ModuleName>
      <Classes />
    </Module>
    <Module skippedDueTo="MissingPdb" hash="CE-5C-6A-88-85-83-5E-73-AA-D5-2C-D9-A5-F8-C0-80-85-1C-06-0B">
      <ModulePath>C:\Program Files (x86)\Microsoft Visual Studio\2017\Professional\Common7\IDE\Extensions\TestPlatform\Extensions\Microsoft.VisualStudio.TestPlatform.Extensions.WebTestAdapter.dll</ModulePath>
      <ModuleTime>2021-04-12T05:12:00.4097026Z</ModuleTime>
      <ModuleName>Microsoft.VisualStudio.TestPlatform.Extensions.WebTestAdapter</ModuleName>
      <Classes />
    </Module>
    <Module skippedDueTo="MissingPdb" hash="04-17-C9-F3-E2-69-FB-CA-15-6A-0B-EE-41-89-07-0E-14-E0-C4-B7">
      <ModulePath>C:\Program Files (x86)\Microsoft Visual Studio\2017\Professional\Common7\IDE\Extensions\TestPlatform\Extensions\Microsoft.VisualStudio.TestTools.CppUnitTestFramework.ComInterfaces.dll</ModulePath>
      <ModuleTime>2021-04-12T05:12:00.4097026Z</ModuleTime>
      <ModuleName>Microsoft.VisualStudio.TestTools.CppUnitTestFramework.ComInterfaces</ModuleName>
      <Classes />
    </Module>
    <Module skippedDueTo="MissingPdb" hash="D3-A4-5B-C1-B3-BD-F7-32-4F-DA-2A-9C-A4-DA-B1-10-C5-E0-E3-F6">
      <ModulePath>C:\Program Files (x86)\Microsoft Visual Studio\2017\Professional\Common7\IDE\Extensions\TestPlatform\Extensions\Microsoft.VisualStudio.TestTools.CppUnitTestFramework.CppUnitTestExtension.dll</ModulePath>
      <ModuleTime>2021-04-12T05:12:00.4097026Z</ModuleTime>
      <ModuleName>Microsoft.VisualStudio.TestTools.CppUnitTestFramework.CppUnitTestExtension</ModuleName>
      <Classes />
    </Module>
    <Module skippedDueTo="MissingPdb" hash="0B-47-A3-5A-D0-D4-F4-EB-ED-1D-6A-13-5E-FB-E0-F9-F3-5D-DC-1D">
      <ModulePath>C:\Program Files (x86)\Microsoft Visual Studio\2017\Professional\Common7\IDE\Extensions\TestPlatform\Extensions\Microsoft.VisualStudio.TestTools.DataCollection.MediaRecorder.Model.dll</ModulePath>
      <ModuleTime>2021-04-12T05:12:00.4097026Z</ModuleTime>
      <ModuleName>Microsoft.VisualStudio.TestTools.DataCollection.MediaRecorder.Model</ModuleName>
      <Classes />
    </Module>
    <Module skippedDueTo="MissingPdb" hash="20-E2-E4-F9-B2-42-4F-92-9D-55-7A-7D-C4-80-82-BD-FA-7C-25-1F">
      <ModulePath>C:\Program Files (x86)\Microsoft Visual Studio\2017\Professional\Common7\IDE\Extensions\TestPlatform\Extensions\Microsoft.VisualStudio.TestTools.DataCollection.VideoRecorderCollector.dll</ModulePath>
      <ModuleTime>2021-04-12T05:12:00.4097026Z</ModuleTime>
      <ModuleName>Microsoft.VisualStudio.TestTools.DataCollection.VideoRecorderCollector</ModuleName>
      <Classes />
    </Module>
    <Module skippedDueTo="MissingPdb" hash="05-C4-E6-5A-F5-F9-FE-86-E3-55-34-18-71-B4-3E-F9-2B-C7-33-E9">
      <ModulePath>C:\Program Files (x86)\Microsoft Visual Studio\2017\Professional\Common7\IDE\Extensions\TestPlatform\Extensions\Microsoft.VisualStudio.TraceDataCollector.dll</ModulePath>
      <ModuleTime>2021-04-12T05:12:00.4097026Z</ModuleTime>
      <ModuleName>Microsoft.VisualStudio.TraceDataCollector</ModuleName>
      <Classes />
    </Module>
    <Module skippedDueTo="MissingPdb" hash="5B-11-FA-D2-E6-84-25-1F-D8-B9-E8-BB-9E-95-24-5A-0A-61-02-80">
      <ModulePath>C:\Program Files (x86)\Microsoft Visual Studio\2017\Professional\Common7\IDE\Extensions\TestPlatform\Microsoft.VisualStudio.ArchitectureTools.PEReader.dll</ModulePath>
      <ModuleTime>2021-04-12T05:12:00.4097026Z</ModuleTime>
      <ModuleName>Microsoft.VisualStudio.ArchitectureTools.PEReader</ModuleName>
      <Classes />
    </Module>
    <Module skippedDueTo="MissingPdb" hash="2F-90-CC-F3-E2-93-D2-30-05-92-E8-15-EC-AC-17-47-B0-29-B8-F9">
      <ModulePath>C:\Program Files (x86)\Microsoft Visual Studio\2017\Professional\Common7\IDE\Extensions\TestPlatform\Microsoft.IntelliTrace.Core.dll</ModulePath>
      <ModuleTime>2021-04-12T05:12:00.4097026Z</ModuleTime>
      <ModuleName>Microsoft.IntelliTrace.Core</ModuleName>
      <Classes />
    </Module>
    <Module skippedDueTo="Filter" hash="A3-00-BC-74-ED-0E-A0-B7-23-F8-72-17-82-88-BD-BE-64-2F-02-47">
      <ModulePath>C:\Program Files (x86)\Microsoft Visual Studio\2017\Professional\Common7\IDE\Extensions\TestPlatform\System.Reflection.Metadata.dll</ModulePath>
      <ModuleTime>2021-04-12T05:12:00.4097026Z</ModuleTime>
      <ModuleName>System.Reflection.Metadata</ModuleName>
      <Classes />
    </Module>
    <Module skippedDueTo="Filter" hash="3B-F6-87-3A-32-21-E8-FB-AD-15-8D-AC-3B-E6-8A-17-0E-66-51-C2">
      <ModulePath>C:\Windows\Microsoft.Net\assembly\GAC_MSIL\System.Runtime\v4.0_4.0.0.0__b03f5f7f11d50a3a\System.Runtime.dll</ModulePath>
      <ModuleTime>2018-09-15T07:29:50.357209Z</ModuleTime>
      <ModuleName>System.Runtime</ModuleName>
      <Classes />
    </Module>
    <Module skippedDueTo="Filter" hash="C1-B1-2D-4E-F6-19-FC-8F-0D-1D-8A-AB-55-50-F7-ED-E2-77-8D-47">
      <ModulePath>C:\Windows\Microsoft.Net\assembly\GAC_MSIL\System.IO\v4.0_4.0.0.0__b03f5f7f11d50a3a\System.IO.dll</ModulePath>
      <ModuleTime>2018-09-15T07:29:51.9198309Z</ModuleTime>
      <ModuleName>System.IO</ModuleName>
      <Classes />
    </Module>
    <Module skippedDueTo="Filter" hash="43-EF-7F-ED-6A-8A-CB-EB-8B-00-F6-84-87-4D-29-32-6A-32-D6-B4">
      <ModulePath>C:\Program Files (x86)\Microsoft Visual Studio\2017\Professional\Common7\IDE\Extensions\TestPlatform\System.Collections.Immutable.dll</ModulePath>
      <ModuleTime>2021-04-12T05:12:00.4097026Z</ModuleTime>
      <ModuleName>System.Collections.Immutable</ModuleName>
      <Classes />
    </Module>
    <Module skippedDueTo="Filter" hash="44-F2-39-49-55-23-60-13-4F-3C-92-00-3B-80-72-8D-74-67-96-A7">
      <ModulePath>C:\Windows\Microsoft.Net\assembly\GAC_MSIL\System.Reflection\v4.0_4.0.0.0__b03f5f7f11d50a3a\System.Reflection.dll</ModulePath>
      <ModuleTime>2018-09-15T07:29:48.9821005Z</ModuleTime>
      <ModuleName>System.Reflection</ModuleName>
      <Classes />
    </Module>
    <Module skippedDueTo="Filter" hash="9C-92-91-91-04-47-BD-09-1D-32-51-BD-38-96-9F-F0-22-97-63-90">
      <ModulePath>C:\Windows\Microsoft.Net\assembly\GAC_MSIL\System.IO.FileSystem\v4.0_4.0.0.0__b03f5f7f11d50a3a\System.IO.FileSystem.dll</ModulePath>
      <ModuleTime>2018-09-15T07:29:50.357209Z</ModuleTime>
      <ModuleName>System.IO.FileSystem</ModuleName>
      <Classes />
    </Module>
    <Module skippedDueTo="Filter" hash="9F-D0-60-50-9B-74-56-CE-CE-3B-4B-32-1D-5C-6D-99-E5-8D-AB-9E">
      <ModulePath>C:\Windows\Microsoft.Net\assembly\GAC_MSIL\System.IO.MemoryMappedFiles\v4.0_4.0.0.0__b03f5f7f11d50a3a\System.IO.MemoryMappedFiles.dll</ModulePath>
      <ModuleTime>2018-09-15T07:29:47.8570052Z</ModuleTime>
      <ModuleName>System.IO.MemoryMappedFiles</ModuleName>
      <Classes />
    </Module>
    <Module skippedDueTo="Filter" hash="23-6D-00-7F-D4-91-F4-D8-B1-0F-1C-37-C6-51-A7-73-8C-9B-E9-CE">
      <ModulePath>C:\Windows\Microsoft.Net\assembly\GAC_MSIL\System.Runtime.Handles\v4.0_4.0.0.0__b03f5f7f11d50a3a\System.Runtime.Handles.dll</ModulePath>
      <ModuleTime>2018-09-15T07:29:47.8882586Z</ModuleTime>
      <ModuleName>System.Runtime.Handles</ModuleName>
      <Classes />
    </Module>
    <Module skippedDueTo="Filter" hash="0C-7C-BE-D2-D5-21-7B-AC-15-E7-E9-00-49-C8-C1-34-1A-2D-6B-0A">
      <ModulePath>C:\Windows\Microsoft.Net\assembly\GAC_MSIL\System.Reflection.Extensions\v4.0_4.0.0.0__b03f5f7f11d50a3a\System.Reflection.Extensions.dll</ModulePath>
      <ModuleTime>2018-09-15T07:29:50.4197139Z</ModuleTime>
      <ModuleName>System.Reflection.Extensions</ModuleName>
      <Classes />
    </Module>
    <Module skippedDueTo="Filter" hash="48-34-70-FF-E5-1F-BB-B4-2D-6E-3A-55-DB-BC-ED-7F-ED-5D-24-CB">
      <ModulePath>C:\Windows\Microsoft.Net\assembly\GAC_MSIL\System.Threading\v4.0_4.0.0.0__b03f5f7f11d50a3a\System.Threading.dll</ModulePath>
      <ModuleTime>2018-09-15T07:29:49.0446057Z</ModuleTime>
      <ModuleName>System.Threading</ModuleName>
      <Classes />
    </Module>
    <Module skippedDueTo="Filter" hash="1A-2C-E5-FB-32-1F-D7-B3-53-3E-D2-45-20-EB-88-4C-14-72-B4-27">
      <ModulePath>C:\Windows\Microsoft.Net\assembly\GAC_MSIL\System.Text.Encoding\v4.0_4.0.0.0__b03f5f7f11d50a3a\System.Text.Encoding.dll</ModulePath>
      <ModuleTime>2018-09-15T07:29:50.3728353Z</ModuleTime>
      <ModuleName>System.Text.Encoding</ModuleName>
      <Classes />
    </Module>
    <Module skippedDueTo="Filter" hash="A9-D6-32-D5-93-F7-52-02-E2-B8-51-99-24-7F-8A-39-7D-56-F9-95">
      <ModulePath>C:\Windows\Microsoft.Net\assembly\GAC_MSIL\System.Runtime.Extensions\v4.0_4.0.0.0__b03f5f7f11d50a3a\System.Runtime.Extensions.dll</ModulePath>
      <ModuleTime>2018-09-15T07:29:49.1854057Z</ModuleTime>
      <ModuleName>System.Runtime.Extensions</ModuleName>
      <Classes />
    </Module>
    <Module skippedDueTo="Filter" hash="98-46-09-6E-9D-59-71-82-3F-AA-6E-2F-06-A8-68-C7-F1-83-7C-2A">
      <ModulePath>C:\Windows\Microsoft.Net\assembly\GAC_MSIL\System.Runtime.InteropServices\v4.0_4.0.0.0__b03f5f7f11d50a3a\System.Runtime.InteropServices.dll</ModulePath>
      <ModuleTime>2018-09-15T07:29:50.3728353Z</ModuleTime>
      <ModuleName>System.Runtime.InteropServices</ModuleName>
      <Classes />
    </Module>
    <Module skippedDueTo="Filter" hash="AD-4D-A2-CB-10-1C-2A-F9-20-06-6F-A2-C4-63-2E-42-3E-31-BC-25">
      <ModulePath>C:\Windows\Microsoft.Net\assembly\GAC_MSIL\System.Text.Encoding.Extensions\v4.0_4.0.0.0__b03f5f7f11d50a3a\System.Text.Encoding.Extensions.dll</ModulePath>
      <ModuleTime>2018-09-15T07:29:51.9510833Z</ModuleTime>
      <ModuleName>System.Text.Encoding.Extensions</ModuleName>
      <Classes />
    </Module>
    <Module skippedDueTo="MissingPdb" hash="13-7F-4D-5E-EA-6A-A7-E2-9A-58-8C-4A-7F-2F-D1-7F-A4-B1-D9-AB">
      <ModulePath>C:\Program Files (x86)\Microsoft Visual Studio\2017\Professional\Common7\IDE\Extensions\TestPlatform\Microsoft.TestPlatform.CommunicationUtilities.dll</ModulePath>
      <ModuleTime>2021-04-12T05:12:00.4097026Z</ModuleTime>
      <ModuleName>Microsoft.TestPlatform.CommunicationUtilities</ModuleName>
      <Classes />
    </Module>
    <Module skippedDueTo="MissingPdb" hash="6B-0D-A7-56-17-A2-26-94-93-DC-1A-68-5D-7A-0B-07-F2-E4-8C-75">
      <ModulePath>C:\Program Files (x86)\Microsoft Visual Studio\2017\Professional\Common7\IDE\Extensions\TestPlatform\Newtonsoft.Json.dll</ModulePath>
      <ModuleTime>2021-04-12T05:12:00.4097026Z</ModuleTime>
      <ModuleName>Newtonsoft.Json</ModuleName>
      <Classes />
    </Module>
    <Module skippedDueTo="MissingPdb" hash="6E-20-77-8A-64-21-2A-7F-4B-6E-26-34-3C-2E-9B-75-A7-32-5F-E3">
      <ModulePath>C:\Program Files (x86)\Microsoft Visual Studio\2017\Professional\Common7\IDE\Extensions\TestPlatform\Microsoft.Extensions.DependencyModel.dll</ModulePath>
      <ModuleTime>2021-04-12T05:12:00.4097026Z</ModuleTime>
      <ModuleName>Microsoft.Extensions.DependencyModel</ModuleName>
      <Classes />
    </Module>
    <Module skippedDueTo="Filter" hash="3E-10-91-92-2D-96-2A-A2-07-BA-6F-EB-36-F5-ED-E3-D6-8B-F3-CC">
      <ModulePath>C:\Windows\Microsoft.Net\assembly\GAC_MSIL\System.Numerics\v4.0_4.0.0.0__b77a5c561934e089\System.Numerics.dll</ModulePath>
      <ModuleTime>2018-09-15T07:29:49.15399Z</ModuleTime>
      <ModuleName>System.Numerics</ModuleName>
      <Classes />
    </Module>
    <Module skippedDueTo="MissingPdb" hash="08-59-15-08-C4-DB-FF-29-3A-1F-DA-21-65-85-26-B6-16-95-6C-F6">
      <ModulePath>C:\Program Files (x86)\Microsoft Visual Studio\2017\Professional\Common7\IDE\Extensions\TestPlatform\Microsoft.DotNet.PlatformAbstractions.dll</ModulePath>
      <ModuleTime>2021-04-12T05:12:00.4097026Z</ModuleTime>
      <ModuleName>Microsoft.DotNet.PlatformAbstractions</ModuleName>
      <Classes />
    </Module>
    <Module skippedDueTo="Filter" hash="31-91-3F-A8-9B-D4-0A-8E-95-6F-FE-3F-A5-C5-99-F7-B1-CD-B9-CB">
      <ModulePath>C:\Program Files\dotnet\shared\Microsoft.NETCore.App\2.1.13\System.Private.CoreLib.dll</ModulePath>
      <ModuleTime>2019-08-08T08:01:24Z</ModuleTime>
      <ModuleName>System.Private.CoreLib</ModuleName>
      <Classes />
    </Module>
    <Module skippedDueTo="MissingPdb" hash="14-F2-78-AE-16-3E-DE-2D-FC-A3-61-71-FB-6D-A3-6C-0B-7B-83-10">
      <ModulePath>C:\Users\lokesha\.nuget\packages\microsoft.testplatform.testhost\16.9.4\lib\netcoreapp2.1\testhost.dll</ModulePath>
      <ModuleTime>2021-04-01T03:49:46Z</ModuleTime>
      <ModuleName>testhost</ModuleName>
      <Classes />
    </Module>
    <Module skippedDueTo="Filter" hash="C0-15-8B-0D-FD-A9-BE-A3-71-7B-D5-92-9A-E4-07-F5-72-69-98-77">
      <ModulePath>C:\Program Files\dotnet\shared\Microsoft.NETCore.App\2.1.13\System.Runtime.dll</ModulePath>
      <ModuleTime>2019-08-08T08:01:24Z</ModuleTime>
      <ModuleName>System.Runtime</ModuleName>
      <Classes />
    </Module>
    <Module skippedDueTo="MissingPdb" hash="C5-D3-A6-04-C7-84-D7-B5-A5-7C-E7-7A-ED-9A-AE-FB-F8-46-89-D8">
      <ModulePath>C:\Users\lokesha\.nuget\packages\microsoft.testplatform.testhost\16.9.4\lib\netcoreapp2.1\Microsoft.TestPlatform.CoreUtilities.dll</ModulePath>
      <ModuleTime>2021-04-01T03:49:50Z</ModuleTime>
      <ModuleName>Microsoft.TestPlatform.CoreUtilities</ModuleName>
      <Classes />
    </Module>
    <Module skippedDueTo="MissingPdb" hash="EF-B6-E9-D8-72-C5-BA-FD-78-6D-8B-A4-CB-A3-75-AB-71-F8-96-52">
      <ModulePath>C:\Program Files\dotnet\shared\Microsoft.NETCore.App\2.1.13\netstandard.dll</ModulePath>
      <ModuleTime>2019-08-08T08:01:24Z</ModuleTime>
      <ModuleName>netstandard</ModuleName>
      <Classes />
    </Module>
    <Module skippedDueTo="Filter" hash="2E-3F-CC-3B-73-DD-6E-D6-D7-19-D2-3B-72-A8-DD-5A-42-B0-81-33">
      <ModulePath>C:\Program Files\dotnet\shared\Microsoft.NETCore.App\2.1.13\System.Diagnostics.Tracing.dll</ModulePath>
      <ModuleTime>2019-08-08T08:01:22Z</ModuleTime>
      <ModuleName>System.Diagnostics.Tracing</ModuleName>
      <Classes />
    </Module>
    <Module skippedDueTo="MissingPdb" hash="C9-1F-14-58-96-B7-6A-6D-CE-47-5D-92-36-AB-C1-0D-3C-A0-BD-17">
      <ModulePath>D:\SonarQube\DotNetCoreApp\DotNetCoreAppTest\bin\Debug\netcoreapp2.1\Microsoft.TestPlatform.PlatformAbstractions.dll</ModulePath>
      <ModuleTime>2021-04-01T03:49:48Z</ModuleTime>
      <ModuleName>Microsoft.TestPlatform.PlatformAbstractions</ModuleName>
      <Classes />
    </Module>
    <Module skippedDueTo="Filter" hash="01-D9-37-96-B0-DB-53-97-CA-E7-92-F3-9B-2A-CB-40-A8-38-B1-D8">
      <ModulePath>C:\Program Files\dotnet\shared\Microsoft.NETCore.App\2.1.13\System.Runtime.Extensions.dll</ModulePath>
      <ModuleTime>2019-08-08T08:01:22Z</ModuleTime>
      <ModuleName>System.Runtime.Extensions</ModuleName>
      <Classes />
    </Module>
    <Module skippedDueTo="Filter" hash="0D-B4-3C-EB-30-AC-30-DB-AA-AD-D6-B4-24-00-0D-09-59-91-68-15">
      <ModulePath>C:\Program Files\dotnet\shared\Microsoft.NETCore.App\2.1.13\System.Diagnostics.Debug.dll</ModulePath>
      <ModuleTime>2019-08-08T08:01:22Z</ModuleTime>
      <ModuleName>System.Diagnostics.Debug</ModuleName>
      <Classes />
    </Module>
    <Module skippedDueTo="Filter" hash="E1-54-25-BF-80-76-A9-FD-B5-D4-F9-D4-03-9C-2C-8E-A9-FB-CF-E8">
      <ModulePath>C:\Program Files\dotnet\shared\Microsoft.NETCore.App\2.1.13\System.Collections.dll</ModulePath>
      <ModuleTime>2019-08-08T08:01:20Z</ModuleTime>
      <ModuleName>System.Collections</ModuleName>
      <Classes />
    </Module>
    <Module skippedDueTo="MissingPdb" hash="9F-04-44-43-BE-6D-73-37-32-34-E5-5D-68-A1-03-51-C2-66-7D-9C">
      <ModulePath>C:\Users\lokesha\.nuget\packages\microsoft.testplatform.testhost\16.9.4\lib\netcoreapp2.1\Microsoft.TestPlatform.CrossPlatEngine.dll</ModulePath>
      <ModuleTime>2021-04-01T03:49:50Z</ModuleTime>
      <ModuleName>Microsoft.TestPlatform.CrossPlatEngine</ModuleName>
      <Classes />
    </Module>
    <Module skippedDueTo="MissingPdb" hash="D5-75-B8-72-EB-1A-F2-C6-FB-CF-34-96-A1-DE-1E-D0-2E-21-4F-D1">
      <ModulePath>C:\Users\lokesha\.nuget\packages\microsoft.testplatform.testhost\16.9.4\lib\netcoreapp2.1\Microsoft.TestPlatform.CommunicationUtilities.dll</ModulePath>
      <ModuleTime>2021-04-01T03:50:16Z</ModuleTime>
      <ModuleName>Microsoft.TestPlatform.CommunicationUtilities</ModuleName>
      <Classes />
    </Module>
    <Module skippedDueTo="MissingPdb" hash="9B-16-C7-92-A2-35-A6-07-64-34-3F-F2-39-C8-1F-BC-A6-96-20-EE">
      <ModulePath>C:\Users\lokesha\.nuget\packages\microsoft.testplatform.testhost\16.9.4\lib\netcoreapp2.1\Microsoft.VisualStudio.TestPlatform.ObjectModel.dll</ModulePath>
      <ModuleTime>2021-04-01T03:49:50Z</ModuleTime>
      <ModuleName>Microsoft.VisualStudio.TestPlatform.ObjectModel</ModuleName>
      <Classes />
    </Module>
    <Module skippedDueTo="MissingPdb" hash="E5-05-8F-33-A5-EF-93-06-3C-58-BD-7B-E0-F7-4D-7B-BA-D8-15-98">
      <ModulePath>C:\Users\lokesha\.nuget\packages\microsoft.testplatform.testhost\16.9.4\lib\netcoreapp2.1\Microsoft.VisualStudio.TestPlatform.Common.dll</ModulePath>
      <ModuleTime>2021-04-01T03:49:50Z</ModuleTime>
      <ModuleName>Microsoft.VisualStudio.TestPlatform.Common</ModuleName>
      <Classes />
    </Module>
    <Module skippedDueTo="MissingPdb" hash="53-D0-A3-B9-10-36-09-21-32-F4-D0-88-75-00-B5-DC-77-89-1D-78">
      <ModulePath>C:\Program Files\dotnet\sdk\NuGetFallbackFolder\newtonsoft.json\9.0.1\lib\netstandard1.0\Newtonsoft.Json.dll</ModulePath>
      <ModuleTime>2020-01-09T08:00:48.6819059Z</ModuleTime>
      <ModuleName>Newtonsoft.Json</ModuleName>
      <Classes />
    </Module>
    <Module skippedDueTo="Filter" hash="2E-B5-0E-B4-0E-F1-3F-03-F7-A1-08-61-49-7C-20-ED-FB-03-28-4C">
      <ModulePath>C:\Program Files\dotnet\shared\Microsoft.NETCore.App\2.1.13\System.Runtime.Serialization.Primitives.dll</ModulePath>
      <ModuleTime>2019-08-08T08:01:24Z</ModuleTime>
      <ModuleName>System.Runtime.Serialization.Primitives</ModuleName>
      <Classes />
    </Module>
    <Module skippedDueTo="Filter" hash="25-34-98-55-60-C5-F5-29-A5-3D-97-B4-5E-90-63-14-D9-3E-31-48">
      <ModulePath>C:\Program Files\dotnet\shared\Microsoft.NETCore.App\2.1.13\System.Globalization.dll</ModulePath>
      <ModuleTime>2019-08-08T08:01:22Z</ModuleTime>
      <ModuleName>System.Globalization</ModuleName>
      <Classes />
    </Module>
    <Module skippedDueTo="Filter" hash="DB-4B-9B-F6-99-74-D6-AF-6F-2F-2D-D0-F4-6E-57-2C-53-A6-44-28">
      <ModulePath>C:\Program Files\dotnet\shared\Microsoft.NETCore.App\2.1.13\System.Threading.dll</ModulePath>
      <ModuleTime>2019-08-08T08:01:24Z</ModuleTime>
      <ModuleName>System.Threading</ModuleName>
      <Classes />
    </Module>
    <Module skippedDueTo="Filter" hash="2F-69-43-98-CD-1F-20-18-5F-70-42-F4-39-D3-A9-6B-A2-C9-08-99">
      <ModulePath>C:\Program Files\dotnet\shared\Microsoft.NETCore.App\2.1.13\System.Diagnostics.TraceSource.dll</ModulePath>
      <ModuleTime>2019-08-08T08:01:22Z</ModuleTime>
      <ModuleName>System.Diagnostics.TraceSource</ModuleName>
      <Classes />
    </Module>
    <Module skippedDueTo="Filter" hash="78-00-DD-6C-E1-3F-49-CF-FD-E0-7B-95-0C-3F-2A-38-56-C2-EF-DD">
      <ModulePath>C:\Program Files\dotnet\shared\Microsoft.NETCore.App\2.1.13\System.Runtime.InteropServices.RuntimeInformation.dll</ModulePath>
      <ModuleTime>2019-08-08T08:01:22Z</ModuleTime>
      <ModuleName>System.Runtime.InteropServices.RuntimeInformation</ModuleName>
      <Classes />
    </Module>
    <Module skippedDueTo="Filter" hash="53-85-76-BD-BB-E8-8F-29-89-3A-2D-34-7B-F4-F1-A0-98-03-3F-5D">
      <ModulePath>C:\Program Files\dotnet\shared\Microsoft.NETCore.App\2.1.13\System.Diagnostics.Process.dll</ModulePath>
      <ModuleTime>2019-08-08T08:01:22Z</ModuleTime>
      <ModuleName>System.Diagnostics.Process</ModuleName>
      <Classes />
    </Module>
    <Module skippedDueTo="Filter" hash="31-4D-F2-1D-16-E5-46-45-9B-B7-19-5B-F7-13-5F-46-44-E4-8A-96">
      <ModulePath>C:\Program Files\dotnet\shared\Microsoft.NETCore.App\2.1.13\System.ComponentModel.Primitives.dll</ModulePath>
      <ModuleTime>2019-08-08T08:01:22Z</ModuleTime>
      <ModuleName>System.ComponentModel.Primitives</ModuleName>
      <Classes />
    </Module>
    <Module skippedDueTo="Filter" hash="27-4C-14-57-4C-37-DF-A6-6F-DE-C9-85-12-F5-79-03-D9-48-F8-B0">
      <ModulePath>C:\Program Files\dotnet\shared\Microsoft.NETCore.App\2.1.13\System.Runtime.InteropServices.dll</ModulePath>
      <ModuleTime>2019-08-08T08:01:22Z</ModuleTime>
      <ModuleName>System.Runtime.InteropServices</ModuleName>
      <Classes />
    </Module>
    <Module skippedDueTo="MissingPdb" hash="B5-D3-D6-89-9E-19-31-3D-CC-03-A4-E0-A0-0D-A1-9A-D4-52-77-1F">
      <ModulePath>C:\Program Files\dotnet\shared\Microsoft.NETCore.App\2.1.13\Microsoft.Win32.Primitives.dll</ModulePath>
      <ModuleTime>2019-08-08T08:01:20Z</ModuleTime>
      <ModuleName>Microsoft.Win32.Primitives</ModuleName>
      <Classes />
    </Module>
    <Module skippedDueTo="Filter" hash="00-43-68-1D-69-C8-6A-F8-FA-DD-B7-21-47-6D-D7-01-97-77-1C-10">
      <ModulePath>C:\Program Files\dotnet\shared\Microsoft.NETCore.App\2.1.13\System.Threading.ThreadPool.dll</ModulePath>
      <ModuleTime>2019-08-08T08:01:24Z</ModuleTime>
      <ModuleName>System.Threading.ThreadPool</ModuleName>
      <Classes />
    </Module>
    <Module skippedDueTo="Filter" hash="75-D8-47-BF-F9-75-E8-FD-9E-75-B0-16-6B-21-7C-B4-43-07-D3-9E">
      <ModulePath>C:\Program Files\dotnet\shared\Microsoft.NETCore.App\2.1.13\System.Net.Primitives.dll</ModulePath>
      <ModuleTime>2019-08-08T08:01:22Z</ModuleTime>
      <ModuleName>System.Net.Primitives</ModuleName>
      <Classes />
    </Module>
    <Module skippedDueTo="Filter" hash="38-E7-54-40-1D-22-A0-24-23-89-8D-44-4B-F7-B9-FF-67-0E-33-E8">
      <ModulePath>C:\Program Files\dotnet\shared\Microsoft.NETCore.App\2.1.13\System.Threading.Tasks.dll</ModulePath>
      <ModuleTime>2019-08-08T08:01:24Z</ModuleTime>
      <ModuleName>System.Threading.Tasks</ModuleName>
      <Classes />
    </Module>
    <Module skippedDueTo="Filter" hash="27-91-BA-6E-83-D6-17-75-0A-C5-B7-94-A3-38-37-64-8F-6F-9F-CD">
      <ModulePath>C:\Program Files\dotnet\shared\Microsoft.NETCore.App\2.1.13\System.Net.Sockets.dll</ModulePath>
      <ModuleTime>2019-08-08T08:01:22Z</ModuleTime>
      <ModuleName>System.Net.Sockets</ModuleName>
      <Classes />
    </Module>
    <Module skippedDueTo="Filter" hash="12-FF-15-5E-C8-8A-F8-CD-CD-F4-5A-2D-C5-2E-80-9C-8A-D5-45-A4">
      <ModulePath>C:\Program Files\dotnet\shared\Microsoft.NETCore.App\2.1.13\System.Threading.Overlapped.dll</ModulePath>
      <ModuleTime>2019-08-08T08:01:24Z</ModuleTime>
      <ModuleName>System.Threading.Overlapped</ModuleName>
      <Classes />
    </Module>
    <Module skippedDueTo="Filter" hash="88-90-D8-CF-B3-C8-D6-5F-31-2D-0E-5F-71-84-7C-F1-67-32-A8-89">
      <ModulePath>C:\Program Files\dotnet\shared\Microsoft.NETCore.App\2.1.13\System.Net.NameResolution.dll</ModulePath>
      <ModuleTime>2019-08-08T08:01:22Z</ModuleTime>
      <ModuleName>System.Net.NameResolution</ModuleName>
      <Classes />
    </Module>
    <Module skippedDueTo="Filter" hash="A1-04-D2-E9-58-7E-B1-5B-57-E2-D2-48-6E-AE-19-70-57-33-D5-AE">
      <ModulePath>C:\Program Files\dotnet\shared\Microsoft.NETCore.App\2.1.13\System.Private.Uri.dll</ModulePath>
      <ModuleTime>2019-08-08T08:01:22Z</ModuleTime>
      <ModuleName>System.Private.Uri</ModuleName>
      <Classes />
    </Module>
    <Module skippedDueTo="Filter" hash="37-7D-65-EF-AD-C4-E5-0A-76-6D-93-36-33-8B-F5-86-18-20-D6-46">
      <ModulePath>C:\Program Files\dotnet\shared\Microsoft.NETCore.App\2.1.13\System.Memory.dll</ModulePath>
      <ModuleTime>2019-08-08T08:01:22Z</ModuleTime>
      <ModuleName>System.Memory</ModuleName>
      <Classes />
    </Module>
    <Module skippedDueTo="Filter" hash="AF-CF-6D-E6-DD-F3-3A-A6-6D-1F-75-63-0E-A1-9B-49-E8-7C-E7-E6">
      <ModulePath>C:\Program Files\dotnet\shared\Microsoft.NETCore.App\2.1.13\System.Security.Principal.Windows.dll</ModulePath>
      <ModuleTime>2019-08-08T08:01:24Z</ModuleTime>
      <ModuleName>System.Security.Principal.Windows</ModuleName>
      <Classes />
    </Module>
    <Module skippedDueTo="Filter" hash="48-2A-62-54-34-F2-FF-00-B7-02-FA-FD-25-1B-CC-6B-D1-3D-FE-D4">
      <ModulePath>C:\Windows\Microsoft.Net\assembly\GAC_MSIL\System.Runtime.Serialization\v4.0_4.0.0.0__b77a5c561934e089\System.Runtime.Serialization.dll</ModulePath>
      <ModuleTime>2020-03-26T23:05:00Z</ModuleTime>
      <ModuleName>System.Runtime.Serialization</ModuleName>
      <Classes />
    </Module>
    <Module skippedDueTo="Filter" hash="02-78-42-C0-75-0C-67-1A-8A-C1-1B-20-9E-AF-5F-84-B1-98-3A-C3">
      <ModulePath>C:\Program Files\dotnet\shared\Microsoft.NETCore.App\2.1.13\System.Security.Claims.dll</ModulePath>
      <ModuleTime>2019-08-08T08:01:24Z</ModuleTime>
      <ModuleName>System.Security.Claims</ModuleName>
      <Classes />
    </Module>
    <Module skippedDueTo="Filter" hash="71-B7-D9-0C-99-2F-5B-7C-4A-66-DF-03-0F-E0-E6-F7-E3-03-F5-CB">
      <ModulePath>C:\Program Files\dotnet\shared\Microsoft.NETCore.App\2.1.13\System.Security.Principal.dll</ModulePath>
      <ModuleTime>2019-08-08T08:01:24Z</ModuleTime>
      <ModuleName>System.Security.Principal</ModuleName>
      <Classes />
    </Module>
    <Module skippedDueTo="Filter" hash="44-48-E7-AC-72-F7-D0-BE-0A-CC-6F-D7-A5-B6-D4-B9-DC-B1-62-05">
      <ModulePath>C:\Windows\Microsoft.Net\assembly\GAC_MSIL\System.Xml.Linq\v4.0_4.0.0.0__b77a5c561934e089\System.Xml.Linq.dll</ModulePath>
      <ModuleTime>2018-09-15T07:29:50.5759761Z</ModuleTime>
      <ModuleName>System.Xml.Linq</ModuleName>
      <Classes />
    </Module>
    <Module skippedDueTo="Filter" hash="87-C3-A7-53-F3-2D-DC-CA-02-42-D2-A4-0B-41-63-BF-26-B7-62-2A">
      <ModulePath>C:\Program Files\dotnet\shared\Microsoft.NETCore.App\2.1.13\System.IO.dll</ModulePath>
      <ModuleTime>2019-08-08T08:01:22Z</ModuleTime>
      <ModuleName>System.IO</ModuleName>
      <Classes />
    </Module>
    <Module skippedDueTo="Filter" hash="0C-C7-BD-A4-8F-57-3C-0F-20-7D-A0-AC-D0-04-61-CF-6C-40-9E-EB">
      <ModulePath>C:\Program Files\dotnet\shared\Microsoft.NETCore.App\2.1.13\System.Dynamic.Runtime.dll</ModulePath>
      <ModuleTime>2019-08-08T08:01:22Z</ModuleTime>
      <ModuleName>System.Dynamic.Runtime</ModuleName>
      <Classes />
    </Module>
    <Module skippedDueTo="Filter" hash="35-70-80-1F-41-19-05-4B-14-19-44-C7-17-67-1F-E0-F3-2B-B1-B3">
      <ModulePath>C:\Program Files\dotnet\shared\Microsoft.NETCore.App\2.1.13\System.Linq.Expressions.dll</ModulePath>
      <ModuleTime>2019-08-08T08:01:22Z</ModuleTime>
      <ModuleName>System.Linq.Expressions</ModuleName>
      <Classes />
    </Module>
    <Module skippedDueTo="Filter" hash="BE-AF-51-3A-F4-42-C4-AF-6A-12-00-14-52-96-92-F5-3A-35-70-9D">
      <ModulePath>C:\Program Files\dotnet\shared\Microsoft.NETCore.App\2.1.13\System.Reflection.dll</ModulePath>
      <ModuleTime>2019-08-08T08:01:22Z</ModuleTime>
      <ModuleName>System.Reflection</ModuleName>
      <Classes />
    </Module>
    <Module skippedDueTo="Filter" hash="6E-FC-1C-DF-31-0E-70-3A-F9-9C-10-C6-97-3B-A7-31-21-6F-07-51">
      <ModulePath>C:\Program Files\dotnet\shared\Microsoft.NETCore.App\2.1.13\System.Reflection.Extensions.dll</ModulePath>
      <ModuleTime>2019-08-08T08:01:22Z</ModuleTime>
      <ModuleName>System.Reflection.Extensions</ModuleName>
      <Classes />
    </Module>
    <Module skippedDueTo="Filter" hash="A1-E9-C7-5F-0A-64-79-4A-5E-2A-B6-6C-6E-23-1A-9F-AA-6D-F0-18">
      <ModulePath>C:\Program Files\dotnet\shared\Microsoft.NETCore.App\2.1.13\System.Linq.dll</ModulePath>
      <ModuleTime>2019-08-08T08:01:22Z</ModuleTime>
      <ModuleName>System.Linq</ModuleName>
      <Classes />
    </Module>
    <Module skippedDueTo="Filter" hash="13-86-17-5B-C4-F1-67-88-12-5B-F4-94-0A-8D-E9-2C-66-AA-2A-EC">
      <ModulePath>C:\Program Files\dotnet\shared\Microsoft.NETCore.App\2.1.13\System.ObjectModel.dll</ModulePath>
      <ModuleTime>2019-08-08T08:01:22Z</ModuleTime>
      <ModuleName>System.ObjectModel</ModuleName>
      <Classes />
    </Module>
    <Module skippedDueTo="Filter" hash="95-E2-CF-CC-99-2B-EA-69-F8-4D-89-A7-7A-2D-CF-45-F1-DE-F4-ED">
      <ModulePath>C:\Program Files\dotnet\shared\Microsoft.NETCore.App\2.1.13\System.Xml.XDocument.dll</ModulePath>
      <ModuleTime>2019-08-08T08:01:24Z</ModuleTime>
      <ModuleName>System.Xml.XDocument</ModuleName>
      <Classes />
    </Module>
    <Module skippedDueTo="Filter" hash="C3-8D-B6-46-D9-60-D0-01-A4-88-23-B0-97-00-D3-CF-1C-7D-03-3B">
      <ModulePath>C:\Program Files\dotnet\shared\Microsoft.NETCore.App\2.1.13\System.Private.Xml.Linq.dll</ModulePath>
      <ModuleTime>2019-08-08T08:01:22Z</ModuleTime>
      <ModuleName>System.Private.Xml.Linq</ModuleName>
      <Classes />
    </Module>
    <Module skippedDueTo="Filter" hash="B2-B2-83-B8-82-5B-43-8A-FA-5A-D5-8D-31-24-86-04-AF-11-8E-F5">
      <ModulePath>C:\Program Files\dotnet\shared\Microsoft.NETCore.App\2.1.13\System.Private.Xml.dll</ModulePath>
      <ModuleTime>2019-08-08T08:01:22Z</ModuleTime>
      <ModuleName>System.Private.Xml</ModuleName>
      <Classes />
    </Module>
    <Module skippedDueTo="Filter" hash="C6-8D-13-B2-33-C5-2A-06-1F-24-8C-E4-80-91-B1-96-07-6F-F1-32">
      <ModulePath>C:\Program Files\dotnet\shared\Microsoft.NETCore.App\2.1.13\System.Text.RegularExpressions.dll</ModulePath>
      <ModuleTime>2019-08-08T08:01:24Z</ModuleTime>
      <ModuleName>System.Text.RegularExpressions</ModuleName>
      <Classes />
    </Module>
    <Module skippedDueTo="MissingPdb" hash="">
      <ModulePath>RefEmit_InMemoryManifestModule</ModulePath>
      <ModuleTime>0001-01-01T00:00:00</ModuleTime>
      <ModuleName>Anonymously Hosted DynamicMethods Assembly</ModuleName>
      <Classes />
    </Module>
    <Module skippedDueTo="Filter" hash="9C-B6-B9-79-FD-48-CC-E8-F7-E7-B9-63-09-8C-12-F5-D3-5C-E5-30">
      <ModulePath>C:\Program Files\dotnet\shared\Microsoft.NETCore.App\2.1.13\System.Collections.NonGeneric.dll</ModulePath>
      <ModuleTime>2019-08-08T08:01:20Z</ModuleTime>
      <ModuleName>System.Collections.NonGeneric</ModuleName>
      <Classes />
    </Module>
    <Module skippedDueTo="Filter" hash="A5-32-FF-F5-19-DE-59-A1-5C-60-98-9E-FA-D0-BB-D9-85-34-AC-9B">
      <ModulePath>C:\Program Files\dotnet\shared\Microsoft.NETCore.App\2.1.13\System.IO.FileSystem.dll</ModulePath>
      <ModuleTime>2019-08-08T08:01:22Z</ModuleTime>
      <ModuleName>System.IO.FileSystem</ModuleName>
      <Classes />
    </Module>
    <Module skippedDueTo="Filter" hash="4E-65-34-65-66-6D-35-84-9C-E2-32-B1-34-4C-2F-5F-01-36-5E-BF">
      <ModulePath>C:\Program Files\dotnet\shared\Microsoft.NETCore.App\2.1.13\System.Runtime.Loader.dll</ModulePath>
      <ModuleTime>2019-08-08T08:01:22Z</ModuleTime>
      <ModuleName>System.Runtime.Loader</ModuleName>
      <Classes />
    </Module>
    <Module hash="B7-1D-40-9A-EB-95-E7-D6-7D-5A-B2-06-61-B7-2E-66-2E-63-08-09">
      <Summary numSequencePoints="1508" visitedSequencePoints="0" numBranchPoints="1075" visitedBranchPoints="0" sequenceCoverage="0" branchCoverage="0" maxCyclomaticComplexity="22" minCyclomaticComplexity="1" maxCrapScore="506" minCrapScore="2" visitedClasses="0" numClasses="56" visitedMethods="0" numMethods="417" />
      <ModulePath>D:\SonarQube\DotNetCoreApp\DotNetCoreAppTest\bin\Debug\netcoreapp2.1\NUnit3.TestAdapter.dll</ModulePath>
      <ModuleTime>2020-07-11T11:53:34Z</ModuleTime>
      <ModuleName>NUnit3.TestAdapter</ModuleName>
      <Files>
        <File uid="1" fullPath="D:\repos\NUnit\nunit3-vs-adapter\src\NUnitTestAdapter\AdapterSettings.cs" />
        <File uid="2" fullPath="D:\repos\NUnit\nunit3-vs-adapter\src\NUnitTestAdapter\CategoryList.cs" />
        <File uid="4" fullPath="D:\repos\NUnit\nunit3-vs-adapter\src\NUnitTestAdapter\EmbeddedAssemblyResolution.cs" />
        <File uid="6" fullPath="D:\repos\NUnit\nunit3-vs-adapter\src\NUnitTestAdapter\NavigationData.cs" />
        <File uid="7" fullPath="D:\repos\NUnit\nunit3-vs-adapter\src\NUnitTestAdapter\NavigationDataProvider.cs" />
        <File uid="8" fullPath="D:\repos\NUnit\nunit3-vs-adapter\src\NUnitTestAdapter\NUnit3TestDiscoverer.cs" />
        <File uid="9" fullPath="D:\repos\NUnit\nunit3-vs-adapter\src\NUnitTestAdapter\NUnit3TestExecutor.cs" />
        <File uid="11" fullPath="D:\repos\NUnit\nunit3-vs-adapter\src\NUnitTestAdapter\NUnitEventListener.cs" />
        <File uid="12" fullPath="D:\repos\NUnit\nunit3-vs-adapter\src\NUnitTestAdapter\NUnitTestAdapter.cs" />
        <File uid="15" fullPath="D:\repos\NUnit\nunit3-vs-adapter\src\NUnitTestAdapter\NUnitTestFilterBuilder.cs" />
        <File uid="16" fullPath="D:\repos\NUnit\nunit3-vs-adapter\src\NUnitTestAdapter\TestConverter.cs" />
        <File uid="19" fullPath="D:\repos\NUnit\nunit3-vs-adapter\src\NUnitTestAdapter\TestLogger.cs" />
        <File uid="20" fullPath="D:\repos\NUnit\nunit3-vs-adapter\src\NUnitTestAdapter\TfsTestFilter.cs" />
        <File uid="25" fullPath="D:\repos\NUnit\nunit3-vs-adapter\src\NUnitTestAdapter\TraitsFeature.cs" />
        <File uid="29" fullPath="D:\repos\NUnit\nunit3-vs-adapter\src\NUnitTestAdapter\TryParse.cs" />
        <File uid="30" fullPath="D:\repos\NUnit\nunit3-vs-adapter\src\NUnitTestAdapter\XmlHelper.cs" />
        <File uid="31" fullPath="D:\repos\NUnit\nunit3-vs-adapter\src\NUnitTestAdapter\NUnitEngine\DiscoveryExtensions.cs" />
        <File uid="32" fullPath="D:\repos\NUnit\nunit3-vs-adapter\src\NUnitTestAdapter\NUnitEngine\NUnitEngineAdapter.cs" />
        <File uid="33" fullPath="D:\repos\NUnit\nunit3-vs-adapter\src\NUnitTestAdapter\NUnitEngine\NUnitResults.cs" />
        <File uid="34" fullPath="D:\repos\NUnit\nunit3-vs-adapter\src\NUnitTestAdapter\NUnitEngine\NUnitTestCase.cs" />
        <File uid="35" fullPath="D:\repos\NUnit\nunit3-vs-adapter\src\NUnitTestAdapter\NUnitEngine\NUnitTestEvent.cs" />
        <File uid="40" fullPath="D:\repos\NUnit\nunit3-vs-adapter\src\NUnitTestAdapter\NUnitEngine\NUnitTestEventHeader.cs" />
        <File uid="41" fullPath="D:\repos\NUnit\nunit3-vs-adapter\src\NUnitTestAdapter\NUnitEngine\NUnitTestEventStartTest.cs" />
        <File uid="42" fullPath="D:\repos\NUnit\nunit3-vs-adapter\src\NUnitTestAdapter\NUnitEngine\NUnitTestEventSuiteFinished.cs" />
        <File uid="43" fullPath="D:\repos\NUnit\nunit3-vs-adapter\src\NUnitTestAdapter\NUnitEngine\NUnitTestEventTestCase.cs" />
        <File uid="44" fullPath="D:\repos\NUnit\nunit3-vs-adapter\src\NUnitTestAdapter\NUnitEngine\NUnitTestEventTestOutput.cs" />
        <File uid="45" fullPath="D:\repos\NUnit\nunit3-vs-adapter\src\NUnitTestAdapter\NUnitEngine\NUnitTestNode.cs" />
        <File uid="46" fullPath="D:\repos\NUnit\nunit3-vs-adapter\src\NUnitTestAdapter\Metadata\DirectReflectionMetadataProvider.cs" />
        <File uid="48" fullPath="D:\repos\NUnit\nunit3-vs-adapter\src\NUnitTestAdapter\Metadata\TypeInfo.cs" />
        <File uid="49" fullPath="D:\repos\NUnit\nunit3-vs-adapter\src\NUnitTestAdapter\Internal\Extensions.cs" />
        <File uid="50" fullPath="D:\repos\NUnit\nunit3-vs-adapter\src\NUnitTestAdapter\Internal\Stackframe.cs" />
        <File uid="51" fullPath="D:\repos\NUnit\nunit3-vs-adapter\src\NUnitTestAdapter\Internal\StackframeParser.cs" />
        <File uid="52" fullPath="D:\repos\NUnit\nunit3-vs-adapter\src\NUnitTestAdapter\Internal\Stacktrace.cs" />
        <File uid="54" fullPath="D:\repos\NUnit\nunit3-vs-adapter\src\NUnitTestAdapter\Dump\DumpXml.cs" />
      </Files>
      <Classes>
        <Class>
          <Summary numSequencePoints="0" visitedSequencePoints="0" numBranchPoints="0" visitedBranchPoints="0" sequenceCoverage="0" branchCoverage="0" maxCyclomaticComplexity="0" minCyclomaticComplexity="0" maxCrapScore="0" minCrapScore="0" visitedClasses="0" numClasses="0" visitedMethods="0" numMethods="0" />
          <FullName>&lt;Module&gt;</FullName>
          <Methods />
        </Class>
        <Class>
          <Summary numSequencePoints="0" visitedSequencePoints="0" numBranchPoints="0" visitedBranchPoints="0" sequenceCoverage="0" branchCoverage="0" maxCyclomaticComplexity="5" minCyclomaticComplexity="1" maxCrapScore="30" minCrapScore="2" visitedClasses="0" numClasses="0" visitedMethods="0" numMethods="0" />
          <FullName>&lt;&gt;f__AnonymousType0`2</FullName>
          <Methods>
            <Method visited="false" cyclomaticComplexity="1" nPathComplexity="0" sequenceCoverage="0" branchCoverage="0" crapScore="2" isConstructor="false" isStatic="false" isGetter="true" isSetter="false">
              <Summary numSequencePoints="0" visitedSequencePoints="0" numBranchPoints="0" visitedBranchPoints="0" sequenceCoverage="0" branchCoverage="0" maxCyclomaticComplexity="1" minCyclomaticComplexity="1" maxCrapScore="2" minCrapScore="2" visitedClasses="0" numClasses="0" visitedMethods="0" numMethods="0" />
              <MetadataToken>100663297</MetadataToken>
              <Name>&lt;t&gt;j__TPar &lt;&gt;f__AnonymousType0`2::get_t()</Name>
              <SequencePoints />
              <BranchPoints />
              <MethodPoint vc="0" uspid="1" ordinal="0" offset="0" />
            </Method>
            <Method visited="false" cyclomaticComplexity="1" nPathComplexity="0" sequenceCoverage="0" branchCoverage="0" crapScore="2" isConstructor="false" isStatic="false" isGetter="true" isSetter="false">
              <Summary numSequencePoints="0" visitedSequencePoints="0" numBranchPoints="0" visitedBranchPoints="0" sequenceCoverage="0" branchCoverage="0" maxCyclomaticComplexity="1" minCyclomaticComplexity="1" maxCrapScore="2" minCrapScore="2" visitedClasses="0" numClasses="0" visitedMethods="0" numMethods="0" />
              <MetadataToken>100663298</MetadataToken>
              <Name>&lt;name&gt;j__TPar &lt;&gt;f__AnonymousType0`2::get_name()</Name>
              <SequencePoints />
              <BranchPoints />
              <MethodPoint vc="0" uspid="2" ordinal="0" offset="0" />
            </Method>
            <Method visited="false" cyclomaticComplexity="1" nPathComplexity="0" sequenceCoverage="0" branchCoverage="0" crapScore="2" isConstructor="true" isStatic="false" isGetter="false" isSetter="false">
              <Summary numSequencePoints="0" visitedSequencePoints="0" numBranchPoints="0" visitedBranchPoints="0" sequenceCoverage="0" branchCoverage="0" maxCyclomaticComplexity="1" minCyclomaticComplexity="1" maxCrapScore="2" minCrapScore="2" visitedClasses="0" numClasses="0" visitedMethods="0" numMethods="0" />
              <MetadataToken>100663299</MetadataToken>
              <Name>System.Void &lt;&gt;f__AnonymousType0`2::.ctor(&lt;t&gt;j__TPar,&lt;name&gt;j__TPar)</Name>
              <SequencePoints />
              <BranchPoints />
              <MethodPoint vc="0" uspid="3" ordinal="0" offset="0" />
            </Method>
            <Method visited="false" cyclomaticComplexity="3" nPathComplexity="0" sequenceCoverage="0" branchCoverage="0" crapScore="12" isConstructor="false" isStatic="false" isGetter="false" isSetter="false">
              <Summary numSequencePoints="0" visitedSequencePoints="0" numBranchPoints="0" visitedBranchPoints="0" sequenceCoverage="0" branchCoverage="0" maxCyclomaticComplexity="3" minCyclomaticComplexity="3" maxCrapScore="12" minCrapScore="12" visitedClasses="0" numClasses="0" visitedMethods="0" numMethods="0" />
              <MetadataToken>100663300</MetadataToken>
              <Name>System.Boolean &lt;&gt;f__AnonymousType0`2::Equals(System.Object)</Name>
              <SequencePoints />
              <BranchPoints />
              <MethodPoint vc="0" uspid="4" ordinal="0" offset="0" />
            </Method>
            <Method visited="false" cyclomaticComplexity="1" nPathComplexity="0" sequenceCoverage="0" branchCoverage="0" crapScore="2" isConstructor="false" isStatic="false" isGetter="false" isSetter="false">
              <Summary numSequencePoints="0" visitedSequencePoints="0" numBranchPoints="0" visitedBranchPoints="0" sequenceCoverage="0" branchCoverage="0" maxCyclomaticComplexity="1" minCyclomaticComplexity="1" maxCrapScore="2" minCrapScore="2" visitedClasses="0" numClasses="0" visitedMethods="0" numMethods="0" />
              <MetadataToken>100663301</MetadataToken>
              <Name>System.Int32 &lt;&gt;f__AnonymousType0`2::GetHashCode()</Name>
              <SequencePoints />
              <BranchPoints />
              <MethodPoint vc="0" uspid="5" ordinal="0" offset="0" />
            </Method>
            <Method visited="false" cyclomaticComplexity="5" nPathComplexity="0" sequenceCoverage="0" branchCoverage="0" crapScore="30" isConstructor="false" isStatic="false" isGetter="false" isSetter="false">
              <Summary numSequencePoints="0" visitedSequencePoints="0" numBranchPoints="0" visitedBranchPoints="0" sequenceCoverage="0" branchCoverage="0" maxCyclomaticComplexity="5" minCyclomaticComplexity="5" maxCrapScore="30" minCrapScore="30" visitedClasses="0" numClasses="0" visitedMethods="0" numMethods="0" />
              <MetadataToken>100663302</MetadataToken>
              <Name>System.String &lt;&gt;f__AnonymousType0`2::ToString()</Name>
              <SequencePoints />
              <BranchPoints />
              <MethodPoint vc="0" uspid="6" ordinal="0" offset="0" />
            </Method>
          </Methods>
        </Class>
        <Class>
          <Summary numSequencePoints="0" visitedSequencePoints="0" numBranchPoints="0" visitedBranchPoints="0" sequenceCoverage="0" branchCoverage="0" maxCyclomaticComplexity="5" minCyclomaticComplexity="1" maxCrapScore="30" minCrapScore="2" visitedClasses="0" numClasses="0" visitedMethods="0" numMethods="0" />
          <FullName>&lt;&gt;f__AnonymousType1`2</FullName>
          <Methods>
            <Method visited="false" cyclomaticComplexity="1" nPathComplexity="0" sequenceCoverage="0" branchCoverage="0" crapScore="2" isConstructor="false" isStatic="false" isGetter="true" isSetter="false">
              <Summary numSequencePoints="0" visitedSequencePoints="0" numBranchPoints="0" visitedBranchPoints="0" sequenceCoverage="0" branchCoverage="0" maxCyclomaticComplexity="1" minCyclomaticComplexity="1" maxCrapScore="2" minCrapScore="2" visitedClasses="0" numClasses="0" visitedMethods="0" numMethods="0" />
              <MetadataToken>100663303</MetadataToken>
              <Name>&lt;trait&gt;j__TPar &lt;&gt;f__AnonymousType1`2::get_trait()</Name>
              <SequencePoints />
              <BranchPoints />
              <MethodPoint vc="0" uspid="7" ordinal="0" offset="0" />
            </Method>
            <Method visited="false" cyclomaticComplexity="1" nPathComplexity="0" sequenceCoverage="0" branchCoverage="0" crapScore="2" isConstructor="false" isStatic="false" isGetter="true" isSetter="false">
              <Summary numSequencePoints="0" visitedSequencePoints="0" numBranchPoints="0" visitedBranchPoints="0" sequenceCoverage="0" branchCoverage="0" maxCyclomaticComplexity="1" minCyclomaticComplexity="1" maxCrapScore="2" minCrapScore="2" visitedClasses="0" numClasses="0" visitedMethods="0" numMethods="0" />
              <MetadataToken>100663304</MetadataToken>
              <Name>&lt;name&gt;j__TPar &lt;&gt;f__AnonymousType1`2::get_name()</Name>
              <SequencePoints />
              <BranchPoints />
              <MethodPoint vc="0" uspid="8" ordinal="0" offset="0" />
            </Method>
            <Method visited="false" cyclomaticComplexity="1" nPathComplexity="0" sequenceCoverage="0" branchCoverage="0" crapScore="2" isConstructor="true" isStatic="false" isGetter="false" isSetter="false">
              <Summary numSequencePoints="0" visitedSequencePoints="0" numBranchPoints="0" visitedBranchPoints="0" sequenceCoverage="0" branchCoverage="0" maxCyclomaticComplexity="1" minCyclomaticComplexity="1" maxCrapScore="2" minCrapScore="2" visitedClasses="0" numClasses="0" visitedMethods="0" numMethods="0" />
              <MetadataToken>100663305</MetadataToken>
              <Name>System.Void &lt;&gt;f__AnonymousType1`2::.ctor(&lt;trait&gt;j__TPar,&lt;name&gt;j__TPar)</Name>
              <SequencePoints />
              <BranchPoints />
              <MethodPoint vc="0" uspid="9" ordinal="0" offset="0" />
            </Method>
            <Method visited="false" cyclomaticComplexity="3" nPathComplexity="0" sequenceCoverage="0" branchCoverage="0" crapScore="12" isConstructor="false" isStatic="false" isGetter="false" isSetter="false">
              <Summary numSequencePoints="0" visitedSequencePoints="0" numBranchPoints="0" visitedBranchPoints="0" sequenceCoverage="0" branchCoverage="0" maxCyclomaticComplexity="3" minCyclomaticComplexity="3" maxCrapScore="12" minCrapScore="12" visitedClasses="0" numClasses="0" visitedMethods="0" numMethods="0" />
              <MetadataToken>100663306</MetadataToken>
              <Name>System.Boolean &lt;&gt;f__AnonymousType1`2::Equals(System.Object)</Name>
              <SequencePoints />
              <BranchPoints />
              <MethodPoint vc="0" uspid="10" ordinal="0" offset="0" />
            </Method>
            <Method visited="false" cyclomaticComplexity="1" nPathComplexity="0" sequenceCoverage="0" branchCoverage="0" crapScore="2" isConstructor="false" isStatic="false" isGetter="false" isSetter="false">
              <Summary numSequencePoints="0" visitedSequencePoints="0" numBranchPoints="0" visitedBranchPoints="0" sequenceCoverage="0" branchCoverage="0" maxCyclomaticComplexity="1" minCyclomaticComplexity="1" maxCrapScore="2" minCrapScore="2" visitedClasses="0" numClasses="0" visitedMethods="0" numMethods="0" />
              <MetadataToken>100663307</MetadataToken>
              <Name>System.Int32 &lt;&gt;f__AnonymousType1`2::GetHashCode()</Name>
              <SequencePoints />
              <BranchPoints />
              <MethodPoint vc="0" uspid="11" ordinal="0" offset="0" />
            </Method>
            <Method visited="false" cyclomaticComplexity="5" nPathComplexity="0" sequenceCoverage="0" branchCoverage="0" crapScore="30" isConstructor="false" isStatic="false" isGetter="false" isSetter="false">
              <Summary numSequencePoints="0" visitedSequencePoints="0" numBranchPoints="0" visitedBranchPoints="0" sequenceCoverage="0" branchCoverage="0" maxCyclomaticComplexity="5" minCyclomaticComplexity="5" maxCrapScore="30" minCrapScore="30" visitedClasses="0" numClasses="0" visitedMethods="0" numMethods="0" />
              <MetadataToken>100663308</MetadataToken>
              <Name>System.String &lt;&gt;f__AnonymousType1`2::ToString()</Name>
              <SequencePoints />
              <BranchPoints />
              <MethodPoint vc="0" uspid="12" ordinal="0" offset="0" />
            </Method>
          </Methods>
        </Class>
        <Class>
          <Summary numSequencePoints="0" visitedSequencePoints="0" numBranchPoints="0" visitedBranchPoints="0" sequenceCoverage="0" branchCoverage="0" maxCyclomaticComplexity="5" minCyclomaticComplexity="1" maxCrapScore="30" minCrapScore="2" visitedClasses="0" numClasses="0" visitedMethods="0" numMethods="0" />
          <FullName>&lt;&gt;f__AnonymousType2`2</FullName>
          <Methods>
            <Method visited="false" cyclomaticComplexity="1" nPathComplexity="0" sequenceCoverage="0" branchCoverage="0" crapScore="2" isConstructor="false" isStatic="false" isGetter="true" isSetter="false">
              <Summary numSequencePoints="0" visitedSequencePoints="0" numBranchPoints="0" visitedBranchPoints="0" sequenceCoverage="0" branchCoverage="0" maxCyclomaticComplexity="1" minCyclomaticComplexity="1" maxCrapScore="2" minCrapScore="2" visitedClasses="0" numClasses="0" visitedMethods="0" numMethods="0" />
              <MetadataToken>100663309</MetadataToken>
              <Name>&lt;&lt;&gt;h__TransparentIdentifier0&gt;j__TPar &lt;&gt;f__AnonymousType2`2::get_&lt;&gt;h__TransparentIdentifier0()</Name>
              <SequencePoints />
              <BranchPoints />
              <MethodPoint vc="0" uspid="13" ordinal="0" offset="0" />
            </Method>
            <Method visited="false" cyclomaticComplexity="1" nPathComplexity="0" sequenceCoverage="0" branchCoverage="0" crapScore="2" isConstructor="false" isStatic="false" isGetter="true" isSetter="false">
              <Summary numSequencePoints="0" visitedSequencePoints="0" numBranchPoints="0" visitedBranchPoints="0" sequenceCoverage="0" branchCoverage="0" maxCyclomaticComplexity="1" minCyclomaticComplexity="1" maxCrapScore="2" minCrapScore="2" visitedClasses="0" numClasses="0" visitedMethods="0" numMethods="0" />
              <MetadataToken>100663310</MetadataToken>
              <Name>&lt;value&gt;j__TPar &lt;&gt;f__AnonymousType2`2::get_value()</Name>
              <SequencePoints />
              <BranchPoints />
              <MethodPoint vc="0" uspid="14" ordinal="0" offset="0" />
            </Method>
            <Method visited="false" cyclomaticComplexity="1" nPathComplexity="0" sequenceCoverage="0" branchCoverage="0" crapScore="2" isConstructor="true" isStatic="false" isGetter="false" isSetter="false">
              <Summary numSequencePoints="0" visitedSequencePoints="0" numBranchPoints="0" visitedBranchPoints="0" sequenceCoverage="0" branchCoverage="0" maxCyclomaticComplexity="1" minCyclomaticComplexity="1" maxCrapScore="2" minCrapScore="2" visitedClasses="0" numClasses="0" visitedMethods="0" numMethods="0" />
              <MetadataToken>100663311</MetadataToken>
              <Name>System.Void &lt;&gt;f__AnonymousType2`2::.ctor(&lt;&lt;&gt;h__TransparentIdentifier0&gt;j__TPar,&lt;value&gt;j__TPar)</Name>
              <SequencePoints />
              <BranchPoints />
              <MethodPoint vc="0" uspid="15" ordinal="0" offset="0" />
            </Method>
            <Method visited="false" cyclomaticComplexity="3" nPathComplexity="0" sequenceCoverage="0" branchCoverage="0" crapScore="12" isConstructor="false" isStatic="false" isGetter="false" isSetter="false">
              <Summary numSequencePoints="0" visitedSequencePoints="0" numBranchPoints="0" visitedBranchPoints="0" sequenceCoverage="0" branchCoverage="0" maxCyclomaticComplexity="3" minCyclomaticComplexity="3" maxCrapScore="12" minCrapScore="12" visitedClasses="0" numClasses="0" visitedMethods="0" numMethods="0" />
              <MetadataToken>100663312</MetadataToken>
              <Name>System.Boolean &lt;&gt;f__AnonymousType2`2::Equals(System.Object)</Name>
              <SequencePoints />
              <BranchPoints />
              <MethodPoint vc="0" uspid="16" ordinal="0" offset="0" />
            </Method>
            <Method visited="false" cyclomaticComplexity="1" nPathComplexity="0" sequenceCoverage="0" branchCoverage="0" crapScore="2" isConstructor="false" isStatic="false" isGetter="false" isSetter="false">
              <Summary numSequencePoints="0" visitedSequencePoints="0" numBranchPoints="0" visitedBranchPoints="0" sequenceCoverage="0" branchCoverage="0" maxCyclomaticComplexity="1" minCyclomaticComplexity="1" maxCrapScore="2" minCrapScore="2" visitedClasses="0" numClasses="0" visitedMethods="0" numMethods="0" />
              <MetadataToken>100663313</MetadataToken>
              <Name>System.Int32 &lt;&gt;f__AnonymousType2`2::GetHashCode()</Name>
              <SequencePoints />
              <BranchPoints />
              <MethodPoint vc="0" uspid="17" ordinal="0" offset="0" />
            </Method>
            <Method visited="false" cyclomaticComplexity="5" nPathComplexity="0" sequenceCoverage="0" branchCoverage="0" crapScore="30" isConstructor="false" isStatic="false" isGetter="false" isSetter="false">
              <Summary numSequencePoints="0" visitedSequencePoints="0" numBranchPoints="0" visitedBranchPoints="0" sequenceCoverage="0" branchCoverage="0" maxCyclomaticComplexity="5" minCyclomaticComplexity="5" maxCrapScore="30" minCrapScore="30" visitedClasses="0" numClasses="0" visitedMethods="0" numMethods="0" />
              <MetadataToken>100663314</MetadataToken>
              <Name>System.String &lt;&gt;f__AnonymousType2`2::ToString()</Name>
              <SequencePoints />
              <BranchPoints />
              <MethodPoint vc="0" uspid="18" ordinal="0" offset="0" />
            </Method>
          </Methods>
        </Class>
        <Class>
          <Summary numSequencePoints="0" visitedSequencePoints="0" numBranchPoints="0" visitedBranchPoints="0" sequenceCoverage="0" branchCoverage="0" maxCyclomaticComplexity="0" minCyclomaticComplexity="0" maxCrapScore="0" minCrapScore="0" visitedClasses="0" numClasses="0" visitedMethods="0" numMethods="0" />
          <FullName>NUnit.Common.PackageSettings</FullName>
          <Methods />
        </Class>
        <Class>
          <Summary numSequencePoints="258" visitedSequencePoints="0" numBranchPoints="182" visitedBranchPoints="0" sequenceCoverage="0" branchCoverage="0" maxCyclomaticComplexity="14" minCyclomaticComplexity="1" maxCrapScore="210" minCrapScore="2" visitedClasses="0" numClasses="1" visitedMethods="0" numMethods="104" />
          <FullName>NUnit.VisualStudio.TestAdapter.AdapterSettings</FullName>
          <Methods>
            <Method visited="false" cyclomaticComplexity="1" nPathComplexity="0" sequenceCoverage="0" branchCoverage="0" crapScore="2" isConstructor="false" isStatic="false" isGetter="true" isSetter="false">
              <Summary numSequencePoints="1" visitedSequencePoints="0" numBranchPoints="1" visitedBranchPoints="0" sequenceCoverage="0" branchCoverage="0" maxCyclomaticComplexity="1" minCyclomaticComplexity="1" maxCrapScore="2" minCrapScore="2" visitedClasses="0" numClasses="0" visitedMethods="0" numMethods="1" />
              <MetadataToken>100663364</MetadataToken>
              <Name>System.Int32 NUnit.VisualStudio.TestAdapter.AdapterSettings::get_MaxCpuCount()</Name>
              <FileRef uid="1" />
              <SequencePoints>
                <SequencePoint vc="0" uspid="19" ordinal="0" offset="0" sl="139" sc="34" el="139" ec="38" bec="0" bev="0" fileid="1" />
              </SequencePoints>
              <BranchPoints />
              <MethodPoint xsi:type="SequencePoint" vc="0" uspid="19" ordinal="0" offset="0" sl="139" sc="34" el="139" ec="38" bec="0" bev="0" fileid="1" />
            </Method>
            <Method visited="false" cyclomaticComplexity="1" nPathComplexity="0" sequenceCoverage="0" branchCoverage="0" crapScore="2" isConstructor="false" isStatic="false" isGetter="false" isSetter="true">
              <Summary numSequencePoints="1" visitedSequencePoints="0" numBranchPoints="1" visitedBranchPoints="0" sequenceCoverage="0" branchCoverage="0" maxCyclomaticComplexity="1" minCyclomaticComplexity="1" maxCrapScore="2" minCrapScore="2" visitedClasses="0" numClasses="0" visitedMethods="0" numMethods="1" />
              <MetadataToken>100663365</MetadataToken>
              <Name>System.Void NUnit.VisualStudio.TestAdapter.AdapterSettings::set_MaxCpuCount(System.Int32)</Name>
              <FileRef uid="1" />
              <SequencePoints>
                <SequencePoint vc="0" uspid="20" ordinal="0" offset="0" sl="139" sc="39" el="139" ec="51" bec="0" bev="0" fileid="1" />
              </SequencePoints>
              <BranchPoints />
              <MethodPoint xsi:type="SequencePoint" vc="0" uspid="20" ordinal="0" offset="0" sl="139" sc="39" el="139" ec="51" bec="0" bev="0" fileid="1" />
            </Method>
            <Method visited="false" cyclomaticComplexity="1" nPathComplexity="0" sequenceCoverage="0" branchCoverage="0" crapScore="2" isConstructor="false" isStatic="false" isGetter="true" isSetter="false">
              <Summary numSequencePoints="1" visitedSequencePoints="0" numBranchPoints="1" visitedBranchPoints="0" sequenceCoverage="0" branchCoverage="0" maxCyclomaticComplexity="1" minCyclomaticComplexity="1" maxCrapScore="2" minCrapScore="2" visitedClasses="0" numClasses="0" visitedMethods="0" numMethods="1" />
              <MetadataToken>100663366</MetadataToken>
              <Name>System.String NUnit.VisualStudio.TestAdapter.AdapterSettings::get_ResultsDirectory()</Name>
              <FileRef uid="1" />
              <SequencePoints>
                <SequencePoint vc="0" uspid="21" ordinal="0" offset="0" sl="141" sc="42" el="141" ec="46" bec="0" bev="0" fileid="1" />
              </SequencePoints>
              <BranchPoints />
              <MethodPoint xsi:type="SequencePoint" vc="0" uspid="21" ordinal="0" offset="0" sl="141" sc="42" el="141" ec="46" bec="0" bev="0" fileid="1" />
            </Method>
            <Method visited="false" cyclomaticComplexity="1" nPathComplexity="0" sequenceCoverage="0" branchCoverage="0" crapScore="2" isConstructor="false" isStatic="false" isGetter="false" isSetter="true">
              <Summary numSequencePoints="1" visitedSequencePoints="0" numBranchPoints="1" visitedBranchPoints="0" sequenceCoverage="0" branchCoverage="0" maxCyclomaticComplexity="1" minCyclomaticComplexity="1" maxCrapScore="2" minCrapScore="2" visitedClasses="0" numClasses="0" visitedMethods="0" numMethods="1" />
              <MetadataToken>100663367</MetadataToken>
              <Name>System.Void NUnit.VisualStudio.TestAdapter.AdapterSettings::set_ResultsDirectory(System.String)</Name>
              <FileRef uid="1" />
              <SequencePoints>
                <SequencePoint vc="0" uspid="22" ordinal="0" offset="0" sl="141" sc="47" el="141" ec="59" bec="0" bev="0" fileid="1" />
              </SequencePoints>
              <BranchPoints />
              <MethodPoint xsi:type="SequencePoint" vc="0" uspid="22" ordinal="0" offset="0" sl="141" sc="47" el="141" ec="59" bec="0" bev="0" fileid="1" />
            </Method>
            <Method visited="false" cyclomaticComplexity="1" nPathComplexity="0" sequenceCoverage="0" branchCoverage="0" crapScore="2" isConstructor="false" isStatic="false" isGetter="true" isSetter="false">
              <Summary numSequencePoints="1" visitedSequencePoints="0" numBranchPoints="1" visitedBranchPoints="0" sequenceCoverage="0" branchCoverage="0" maxCyclomaticComplexity="1" minCyclomaticComplexity="1" maxCrapScore="2" minCrapScore="2" visitedClasses="0" numClasses="0" visitedMethods="0" numMethods="1" />
              <MetadataToken>100663368</MetadataToken>
              <Name>System.String NUnit.VisualStudio.TestAdapter.AdapterSettings::get_TargetPlatform()</Name>
              <FileRef uid="1" />
              <SequencePoints>
                <SequencePoint vc="0" uspid="23" ordinal="0" offset="0" sl="143" sc="40" el="143" ec="44" bec="0" bev="0" fileid="1" />
              </SequencePoints>
              <BranchPoints />
              <MethodPoint xsi:type="SequencePoint" vc="0" uspid="23" ordinal="0" offset="0" sl="143" sc="40" el="143" ec="44" bec="0" bev="0" fileid="1" />
            </Method>
            <Method visited="false" cyclomaticComplexity="1" nPathComplexity="0" sequenceCoverage="0" branchCoverage="0" crapScore="2" isConstructor="false" isStatic="false" isGetter="false" isSetter="true">
              <Summary numSequencePoints="1" visitedSequencePoints="0" numBranchPoints="1" visitedBranchPoints="0" sequenceCoverage="0" branchCoverage="0" maxCyclomaticComplexity="1" minCyclomaticComplexity="1" maxCrapScore="2" minCrapScore="2" visitedClasses="0" numClasses="0" visitedMethods="0" numMethods="1" />
              <MetadataToken>100663369</MetadataToken>
              <Name>System.Void NUnit.VisualStudio.TestAdapter.AdapterSettings::set_TargetPlatform(System.String)</Name>
              <FileRef uid="1" />
              <SequencePoints>
                <SequencePoint vc="0" uspid="24" ordinal="0" offset="0" sl="143" sc="45" el="143" ec="57" bec="0" bev="0" fileid="1" />
              </SequencePoints>
              <BranchPoints />
              <MethodPoint xsi:type="SequencePoint" vc="0" uspid="24" ordinal="0" offset="0" sl="143" sc="45" el="143" ec="57" bec="0" bev="0" fileid="1" />
            </Method>
            <Method visited="false" cyclomaticComplexity="1" nPathComplexity="0" sequenceCoverage="0" branchCoverage="0" crapScore="2" isConstructor="false" isStatic="false" isGetter="true" isSetter="false">
              <Summary numSequencePoints="1" visitedSequencePoints="0" numBranchPoints="1" visitedBranchPoints="0" sequenceCoverage="0" branchCoverage="0" maxCyclomaticComplexity="1" minCyclomaticComplexity="1" maxCrapScore="2" minCrapScore="2" visitedClasses="0" numClasses="0" visitedMethods="0" numMethods="1" />
              <MetadataToken>100663370</MetadataToken>
              <Name>System.String NUnit.VisualStudio.TestAdapter.AdapterSettings::get_TargetFrameworkVersion()</Name>
              <FileRef uid="1" />
              <SequencePoints>
                <SequencePoint vc="0" uspid="25" ordinal="0" offset="0" sl="145" sc="48" el="145" ec="52" bec="0" bev="0" fileid="1" />
              </SequencePoints>
              <BranchPoints />
[...]
          </Methods>
        </Class>
        <Class>
          <Summary numSequencePoints="35" visitedSequencePoints="0" numBranchPoints="12" visitedBranchPoints="0" sequenceCoverage="0" branchCoverage="0" maxCyclomaticComplexity="2" minCyclomaticComplexity="1" maxCrapScore="6" minCrapScore="2" visitedClasses="0" numClasses="1" visitedMethods="0" numMethods="8" />
          <FullName>NUnit.VisualStudio.TestAdapter.Dump.DumpXml</FullName>
          <Methods>
            <Method visited="false" cyclomaticComplexity="2" nPathComplexity="2" sequenceCoverage="0" branchCoverage="0" crapScore="6" isConstructor="true" isStatic="false" isGetter="false" isSetter="false">
              <Summary numSequencePoints="8" visitedSequencePoints="0" numBranchPoints="3" visitedBranchPoints="0" sequenceCoverage="0" branchCoverage="0" maxCyclomaticComplexity="2" minCyclomaticComplexity="2" maxCrapScore="6" minCrapScore="6" visitedClasses="0" numClasses="0" visitedMethods="0" numMethods="1" />
              <MetadataToken>100663808</MetadataToken>
              <Name>System.Void NUnit.VisualStudio.TestAdapter.Dump.DumpXml::.ctor(System.String,NUnit.VisualStudio.TestAdapter.Dump.IFile)</Name>
              <FileRef uid="54" />
              <SequencePoints>
                <SequencePoint vc="0" uspid="2206" ordinal="0" offset="0" sl="51" sc="9" el="51" ec="55" bec="0" bev="0" fileid="54" />
                <SequencePoint vc="0" uspid="2207" ordinal="1" offset="6" sl="53" sc="13" el="53" ec="53" bec="0" bev="0" fileid="54" />
                <SequencePoint vc="0" uspid="2208" ordinal="2" offset="18" sl="54" sc="13" el="54" ec="47" bec="0" bev="0" fileid="54" />
                <SequencePoint vc="0" uspid="2209" ordinal="3" offset="30" sl="55" sc="13" el="55" ec="44" bec="2" bev="0" fileid="54" />
                <SequencePoint vc="0" uspid="2210" ordinal="4" offset="46" sl="56" sc="13" el="56" ec="39" bec="0" bev="0" fileid="54" />
                <SequencePoint vc="0" uspid="2211" ordinal="5" offset="57" sl="57" sc="13" el="57" ec="32" bec="0" bev="0" fileid="54" />
                <SequencePoint vc="0" uspid="2212" ordinal="6" offset="74" sl="58" sc="13" el="58" ec="35" bec="0" bev="0" fileid="54" />
                <SequencePoint vc="0" uspid="2213" ordinal="7" offset="91" sl="59" sc="9" el="59" ec="10" bec="0" bev="0" fileid="54" />
              </SequencePoints>
              <BranchPoints>
                <BranchPoint vc="0" uspid="2214" ordinal="0" offset="33" sl="55" path="0" offsetend="35" fileid="54" />
                <BranchPoint vc="0" uspid="2215" ordinal="1" offset="33" sl="55" path="1" offsetend="41" fileid="54" />
              </BranchPoints>
              <MethodPoint xsi:type="SequencePoint" vc="0" uspid="2206" ordinal="0" offset="0" sl="51" sc="9" el="51" ec="55" bec="0" bev="0" fileid="54" />
            </Method>
            <Method visited="false" cyclomaticComplexity="1" nPathComplexity="0" sequenceCoverage="0" branchCoverage="0" crapScore="2" isConstructor="false" isStatic="false" isGetter="false" isSetter="false">
              <Summary numSequencePoints="5" visitedSequencePoints="0" numBranchPoints="1" visitedBranchPoints="0" sequenceCoverage="0" branchCoverage="0" maxCyclomaticComplexity="1" minCyclomaticComplexity="1" maxCrapScore="2" minCrapScore="2" visitedClasses="0" numClasses="0" visitedMethods="0" numMethods="1" />
              <MetadataToken>100663809</MetadataToken>
              <Name>System.Void NUnit.VisualStudio.TestAdapter.Dump.DumpXml::Dump2File(System.String)</Name>
              <FileRef uid="54" />
              <SequencePoints>
                <SequencePoint vc="0" uspid="2216" ordinal="0" offset="0" sl="63" sc="13" el="63" ec="35" bec="0" bev="0" fileid="54" />
                <SequencePoint vc="0" uspid="2217" ordinal="1" offset="7" sl="64" sc="13" el="64" ec="33" bec="0" bev="0" fileid="54" />
                <SequencePoint vc="0" uspid="2218" ordinal="2" offset="24" sl="65" sc="13" el="65" ec="53" bec="0" bev="0" fileid="54" />
                <SequencePoint vc="0" uspid="2219" ordinal="3" offset="47" sl="66" sc="13" el="66" ec="39" bec="0" bev="0" fileid="54" />
                <SequencePoint vc="0" uspid="2220" ordinal="4" offset="58" sl="67" sc="9" el="67" ec="10" bec="0" bev="0" fileid="54" />
              </SequencePoints>
              <BranchPoints />
              <MethodPoint xsi:type="SequencePoint" vc="0" uspid="2216" ordinal="0" offset="0" sl="63" sc="13" el="63" ec="35" bec="0" bev="0" fileid="54" />
            </Method>
            <Method visited="false" cyclomaticComplexity="2" nPathComplexity="2" sequenceCoverage="0" branchCoverage="0" crapScore="6" isConstructor="false" isStatic="false" isGetter="false" isSetter="false">
              <Summary numSequencePoints="4" visitedSequencePoints="0" numBranchPoints="3" visitedBranchPoints="0" sequenceCoverage="0" branchCoverage="0" maxCyclomaticComplexity="2" minCyclomaticComplexity="2" maxCrapScore="6" minCrapScore="6" visitedClasses="0" numClasses="0" visitedMethods="0" numMethods="1" />
              <MetadataToken>100663810</MetadataToken>
              <Name>System.Void NUnit.VisualStudio.TestAdapter.Dump.DumpXml::EnsurePathExist(System.String)</Name>
              <FileRef uid="54" />
              <SequencePoints>
                <SequencePoint vc="0" uspid="2221" ordinal="0" offset="0" sl="71" sc="13" el="71" ec="54" bec="0" bev="0" fileid="54" />
                <SequencePoint vc="0" uspid="2222" ordinal="1" offset="7" sl="72" sc="13" el="72" ec="46" bec="2" bev="0" fileid="54" />
                <SequencePoint vc="0" uspid="2223" ordinal="2" offset="21" sl="73" sc="17" el="73" ec="46" bec="0" bev="0" fileid="54" />
                <SequencePoint vc="0" uspid="2224" ordinal="3" offset="33" sl="74" sc="9" el="74" ec="10" bec="0" bev="0" fileid="54" />
              </SequencePoints>
              <BranchPoints>
                <BranchPoint vc="0" uspid="2225" ordinal="0" offset="19" sl="72" path="0" offsetend="21" fileid="54" />
                <BranchPoint vc="0" uspid="2226" ordinal="1" offset="19" sl="72" path="1" offsetend="33" fileid="54" />
              </BranchPoints>
              <MethodPoint xsi:type="SequencePoint" vc="0" uspid="2221" ordinal="0" offset="0" sl="71" sc="13" el="71" ec="54" bec="0" bev="0" fileid="54" />
            </Method>
            <Method visited="false" cyclomaticComplexity="1" nPathComplexity="0" sequenceCoverage="0" branchCoverage="0" crapScore="2" isConstructor="false" isStatic="false" isGetter="false" isSetter="false">
              <Summary numSequencePoints="4" visitedSequencePoints="0" numBranchPoints="1" visitedBranchPoints="0" sequenceCoverage="0" branchCoverage="0" maxCyclomaticComplexity="1" minCyclomaticComplexity="1" maxCrapScore="2" minCrapScore="2" visitedClasses="0" numClasses="0" visitedMethods="0" numMethods="1" />
              <MetadataToken>100663811</MetadataToken>
              <Name>System.Void NUnit.VisualStudio.TestAdapter.Dump.DumpXml::Dump4Discovery()</Name>
              <FileRef uid="54" />
              <SequencePoints>
                <SequencePoint vc="0" uspid="2227" ordinal="0" offset="0" sl="78" sc="13" el="78" ec="62" bec="0" bev="0" fileid="54" />
                <SequencePoint vc="0" uspid="2228" ordinal="1" offset="16" sl="79" sc="13" el="79" ec="71" bec="0" bev="0" fileid="54" />
                <SequencePoint vc="0" uspid="2229" ordinal="2" offset="43" sl="80" sc="13" el="80" ec="29" bec="0" bev="0" fileid="54" />
                <SequencePoint vc="0" uspid="2230" ordinal="3" offset="50" sl="81" sc="9" el="81" ec="10" bec="0" bev="0" fileid="54" />
              </SequencePoints>
              <BranchPoints />
              <MethodPoint xsi:type="SequencePoint" vc="0" uspid="2227" ordinal="0" offset="0" sl="78" sc="13" el="78" ec="62" bec="0" bev="0" fileid="54" />
            </Method>
            <Method visited="false" cyclomaticComplexity="1" nPathComplexity="0" sequenceCoverage="0" branchCoverage="0" crapScore="2" isConstructor="false" isStatic="false" isGetter="false" isSetter="false">
              <Summary numSequencePoints="4" visitedSequencePoints="0" numBranchPoints="1" visitedBranchPoints="0" sequenceCoverage="0" branchCoverage="0" maxCyclomaticComplexity="1" minCyclomaticComplexity="1" maxCrapScore="2" minCrapScore="2" visitedClasses="0" numClasses="0" visitedMethods="0" numMethods="1" />
              <MetadataToken>100663812</MetadataToken>
              <Name>System.Void NUnit.VisualStudio.TestAdapter.Dump.DumpXml::Dump4Execution()</Name>
              <FileRef uid="54" />
              <SequencePoints>
                <SequencePoint vc="0" uspid="2231" ordinal="0" offset="0" sl="85" sc="13" el="85" ec="62" bec="0" bev="0" fileid="54" />
                <SequencePoint vc="0" uspid="2232" ordinal="1" offset="16" sl="86" sc="13" el="86" ec="71" bec="0" bev="0" fileid="54" />
                <SequencePoint vc="0" uspid="2233" ordinal="2" offset="43" sl="87" sc="13" el="87" ec="29" bec="0" bev="0" fileid="54" />
                <SequencePoint vc="0" uspid="2234" ordinal="3" offset="50" sl="88" sc="9" el="88" ec="10" bec="0" bev="0" fileid="54" />
              </SequencePoints>
              <BranchPoints />
              <MethodPoint xsi:type="SequencePoint" vc="0" uspid="2231" ordinal="0" offset="0" sl="85" sc="13" el="85" ec="62" bec="0" bev="0" fileid="54" />
            </Method>
            <Method visited="false" cyclomaticComplexity="1" nPathComplexity="0" sequenceCoverage="0" branchCoverage="0" crapScore="2" isConstructor="false" isStatic="false" isGetter="false" isSetter="false">
              <Summary numSequencePoints="4" visitedSequencePoints="0" numBranchPoints="1" visitedBranchPoints="0" sequenceCoverage="0" branchCoverage="0" maxCyclomaticComplexity="1" minCyclomaticComplexity="1" maxCrapScore="2" minCrapScore="2" visitedClasses="0" numClasses="0" visitedMethods="0" numMethods="1" />
              <MetadataToken>100663813</MetadataToken>
              <Name>System.String NUnit.VisualStudio.TestAdapter.Dump.DumpXml::RandomName()</Name>
              <FileRef uid="54" />
              <SequencePoints>
                <SequencePoint vc="0" uspid="2235" ordinal="0" offset="0" sl="92" sc="13" el="92" ec="39" bec="0" bev="0" fileid="54" />
                <SequencePoint vc="0" uspid="2236" ordinal="1" offset="6" sl="93" sc="13" el="93" ec="66" bec="0" bev="0" fileid="54" />
                <SequencePoint vc="0" uspid="2237" ordinal="2" offset="18" sl="94" sc="13" el="94" ec="64" bec="0" bev="0" fileid="54" />
                <SequencePoint vc="0" uspid="2238" ordinal="3" offset="33" sl="95" sc="13" el="95" ec="35" bec="0" bev="0" fileid="54" />
              </SequencePoints>
              <BranchPoints />
              <MethodPoint xsi:type="SequencePoint" vc="0" uspid="2235" ordinal="0" offset="0" sl="92" sc="13" el="92" ec="39" bec="0" bev="0" fileid="54" />
            </Method>
            <Method visited="false" cyclomaticComplexity="1" nPathComplexity="0" sequenceCoverage="0" branchCoverage="0" crapScore="2" isConstructor="false" isStatic="false" isGetter="false" isSetter="false">
              <Summary numSequencePoints="4" visitedSequencePoints="0" numBranchPoints="1" visitedBranchPoints="0" sequenceCoverage="0" branchCoverage="0" maxCyclomaticComplexity="1" minCyclomaticComplexity="1" maxCrapScore="2" minCrapScore="2" visitedClasses="0" numClasses="0" visitedMethods="0" numMethods="1" />
              <MetadataToken>100663814</MetadataToken>
              <Name>System.Void NUnit.VisualStudio.TestAdapter.Dump.DumpXml::AddTestEvent(System.String)</Name>
              <FileRef uid="54" />
              <SequencePoints>
                <SequencePoint vc="0" uspid="2239" ordinal="0" offset="0" sl="100" sc="13" el="100" ec="46" bec="0" bev="0" fileid="54" />
                <SequencePoint vc="0" uspid="2240" ordinal="1" offset="17" sl="101" sc="13" el="101" ec="30" bec="0" bev="0" fileid="54" />
                <SequencePoint vc="0" uspid="2241" ordinal="2" offset="30" sl="102" sc="13" el="102" ec="49" bec="0" bev="0" fileid="54" />
                <SequencePoint vc="0" uspid="2242" ordinal="3" offset="47" sl="103" sc="9" el="103" ec="10" bec="0" bev="0" fileid="54" />
              </SequencePoints>
              <BranchPoints />
              <MethodPoint xsi:type="SequencePoint" vc="0" uspid="2239" ordinal="0" offset="0" sl="100" sc="13" el="100" ec="46" bec="0" bev="0" fileid="54" />
            </Method>
            <Method visited="false" cyclomaticComplexity="1" nPathComplexity="0" sequenceCoverage="0" branchCoverage="0" crapScore="2" isConstructor="false" isStatic="false" isGetter="false" isSetter="false">
              <Summary numSequencePoints="2" visitedSequencePoints="0" numBranchPoints="1" visitedBranchPoints="0" sequenceCoverage="0" branchCoverage="0" maxCyclomaticComplexity="1" minCyclomaticComplexity="1" maxCrapScore="2" minCrapScore="2" visitedClasses="0" numClasses="0" visitedMethods="0" numMethods="1" />
              <MetadataToken>100663815</MetadataToken>
              <Name>System.Void NUnit.VisualStudio.TestAdapter.Dump.DumpXml::AddString(System.String)</Name>
              <FileRef uid="54" />
              <SequencePoints>
                <SequencePoint vc="0" uspid="2243" ordinal="0" offset="0" sl="111" sc="13" el="111" ec="30" bec="0" bev="0" fileid="54" />
                <SequencePoint vc="0" uspid="2244" ordinal="1" offset="13" sl="112" sc="9" el="112" ec="10" bec="0" bev="0" fileid="54" />
              </SequencePoints>
              <BranchPoints />
              <MethodPoint xsi:type="SequencePoint" vc="0" uspid="2243" ordinal="0" offset="0" sl="111" sc="13" el="111" ec="30" bec="0" bev="0" fileid="54" />
            </Method>
          </Methods>
        </Class>
        <Class>
          <Summary numSequencePoints="9" visitedSequencePoints="0" numBranchPoints="1" visitedBranchPoints="0" sequenceCoverage="0" branchCoverage="0" maxCyclomaticComplexity="3" minCyclomaticComplexity="3" maxCrapScore="12" minCrapScore="12" visitedClasses="0" numClasses="1" visitedMethods="0" numMethods="1" />
          <FullName>NUnit.VisualStudio.TestAdapter.Dump.XmlNodeExtension</FullName>
          <Methods>
            <Method visited="false" cyclomaticComplexity="3" nPathComplexity="0" sequenceCoverage="0" branchCoverage="0" crapScore="12" isConstructor="false" isStatic="true" isGetter="false" isSetter="false">
              <Summary numSequencePoints="9" visitedSequencePoints="0" numBranchPoints="1" visitedBranchPoints="0" sequenceCoverage="0" branchCoverage="0" maxCyclomaticComplexity="3" minCyclomaticComplexity="3" maxCrapScore="12" minCrapScore="12" visitedClasses="0" numClasses="0" visitedMethods="0" numMethods="1" />
              <MetadataToken>100663816</MetadataToken>
              <Name>System.String NUnit.VisualStudio.TestAdapter.Dump.XmlNodeExtension::AsString(System.Xml.XmlNode)</Name>
              <FileRef uid="54" />
              <SequencePoints>
                <SequencePoint vc="0" uspid="2245" ordinal="0" offset="0" sl="119" sc="20" el="119" ec="52" bec="0" bev="0" fileid="54" />
                <SequencePoint vc="0" uspid="2246" ordinal="1" offset="6" sl="121" sc="24" el="121" ec="75" bec="0" bev="0" fileid="54" />
                <SequencePoint vc="0" uspid="2247" ordinal="2" offset="13" sl="123" sc="21" el="123" ec="73" bec="0" bev="0" fileid="54" />
                <SequencePoint vc="0" uspid="2248" ordinal="3" offset="20" sl="124" sc="21" el="124" ec="45" bec="0" bev="0" fileid="54" />
                <SequencePoint vc="0" uspid="2249" ordinal="4" offset="27" sl="125" sc="21" el="125" ec="46" bec="0" bev="0" fileid="54" />
                <SequencePoint vc="0" uspid="2250" ordinal="5" offset="35" sl="126" sc="21" el="126" ec="43" bec="0" bev="0" fileid="54" />
                <SequencePoint vc="0" uspid="2251" ordinal="6" offset="42" sl="127" sc="17" el="127" ec="18" bec="0" bev="0" fileid="54" />
                <SequencePoint vc="0" uspid="2252" ordinal="7" offset="54" sl="128" sc="17" el="128" ec="43" bec="0" bev="0" fileid="54" />
                <SequencePoint vc="0" uspid="2253" ordinal="8" offset="73" sl="130" sc="9" el="130" ec="10" bec="0" bev="0" fileid="54" />
              </SequencePoints>
              <BranchPoints />
              <MethodPoint xsi:type="SequencePoint" vc="0" uspid="2245" ordinal="0" offset="0" sl="119" sc="20" el="119" ec="52" bec="0" bev="0" fileid="54" />
            </Method>
          </Methods>
        </Class>
      </Classes>
    </Module>
    <Module skippedDueTo="Filter" hash="64-08-DD-26-B0-1C-2E-94-36-FF-3F-33-F8-2F-FA-A9-E6-21-22-94">
      <ModulePath>C:\Program Files\dotnet\shared\Microsoft.NETCore.App\2.1.13\System.Resources.ResourceManager.dll</ModulePath>
      <ModuleTime>2019-08-08T08:01:22Z</ModuleTime>
      <ModuleName>System.Resources.ResourceManager</ModuleName>
      <Classes />
    </Module>
    <Module skippedDueTo="MissingPdb" hash="81-88-7E-DB-01-F2-F3-63-E1-A3-CD-DB-2E-98-4B-A6-B2-17-B1-92">
      <ModulePath>D:\SonarQube\DotNetCoreApp\DotNetCoreAppTest\bin\Debug\netcoreapp2.1\nunit.engine.api.dll</ModulePath>
      <ModuleTime>2020-02-15T10:23:40Z</ModuleTime>
      <ModuleName>nunit.engine.api</ModuleName>
      <Classes />
    </Module>
    <Module skippedDueTo="Filter" hash="49-0D-CA-99-FC-22-57-EE-C8-31-A2-32-5B-7B-F3-4E-F7-41-CA-32">
      <ModulePath>C:\Program Files\dotnet\shared\Microsoft.NETCore.App\2.1.13\System.Xml.ReaderWriter.dll</ModulePath>
      <ModuleTime>2019-08-08T08:01:24Z</ModuleTime>
      <ModuleName>System.Xml.ReaderWriter</ModuleName>
      <Classes />
    </Module>
    <Module skippedDueTo="Filter" hash="3B-CF-92-92-FB-92-6A-F3-F1-D7-0F-E6-8B-82-C9-CF-48-E7-17-AD">
      <ModulePath>C:\Program Files\dotnet\shared\Microsoft.NETCore.App\2.1.13\System.Threading.Thread.dll</ModulePath>
      <ModuleTime>2019-08-08T08:01:24Z</ModuleTime>
      <ModuleName>System.Threading.Thread</ModuleName>
      <Classes />
    </Module>
    <Module skippedDueTo="Filter" hash="BB-E9-27-9F-09-52-C5-7F-C6-5A-90-6A-1A-75-67-35-79-EE-D4-59">
      <ModulePath>C:\Program Files\dotnet\shared\Microsoft.NETCore.App\2.1.13\System.Security.Cryptography.Algorithms.dll</ModulePath>
      <ModuleTime>2019-08-08T08:01:24Z</ModuleTime>
      <ModuleName>System.Security.Cryptography.Algorithms</ModuleName>
      <Classes />
    </Module>
    <Module skippedDueTo="Filter" hash="63-F7-12-74-9E-5B-D8-E2-3E-FA-E6-80-98-0F-23-54-1D-74-28-BE">
      <ModulePath>C:\Program Files\dotnet\shared\Microsoft.NETCore.App\2.1.13\System.Threading.Timer.dll</ModulePath>
      <ModuleTime>2019-08-08T08:01:24Z</ModuleTime>
      <ModuleName>System.Threading.Timer</ModuleName>
      <Classes />
    </Module>
    <Module skippedDueTo="MissingPdb" hash="C1-E6-95-46-6B-22-AB-AD-8C-29-08-C6-4F-A8-BC-C8-E3-D9-B3-83">
      <ModulePath>C:\Users\lokesha\.nuget\packages\nuget.frameworks\5.0.0\lib\netstandard2.0\NuGet.Frameworks.dll</ModulePath>
      <ModuleTime>2019-04-01T12:53:50Z</ModuleTime>
      <ModuleName>NuGet.Frameworks</ModuleName>
      <Classes />
    </Module>
    <Module skippedDueTo="Filter" hash="A4-49-4A-04-BA-B5-E3-A5-FC-C7-CF-82-9E-31-4E-30-41-93-42-75">
      <ModulePath>C:\Program Files\dotnet\shared\Microsoft.NETCore.App\2.1.13\System.Reflection.Metadata.dll</ModulePath>
      <ModuleTime>2019-08-08T08:01:22Z</ModuleTime>
      <ModuleName>System.Reflection.Metadata</ModuleName>
      <Classes />
    </Module>
    <Module skippedDueTo="Filter" hash="82-2B-B5-E5-BA-8F-AB-C1-E0-9E-BC-21-AF-ED-8A-26-07-B9-32-22">
      <ModulePath>C:\Program Files\dotnet\shared\Microsoft.NETCore.App\2.1.13\System.Collections.Immutable.dll</ModulePath>
      <ModuleTime>2019-08-08T08:01:20Z</ModuleTime>
      <ModuleName>System.Collections.Immutable</ModuleName>
      <Classes />
    </Module>
  </Modules>
</CoverageSession>